AQ7016
ND_CONV00-05  0.2  1.12937
ND_CONV05-15  0.038  1.04084
Initial_value_saturation_point  1000
PARAM  linear_slope  comb_satu_point  comb_slope  comb_2nd_coef
HV  375
FIT_PARAM 0.0384763  -0.00607043  0.0378372  9.74052e-07
PARAM_ERR 9.64983e-05  103.561  0.00024687  1.25139e-07
HV  400
FIT_PARAM 0.0250397  597.382  0.0249378  6.44853e-07
PARAM_ERR 6.48779e-05  267.885  9.35393e-05  1.31468e-07
HV  425
FIT_PARAM 0.0167943  484.559  0.016685  3.43046e-07
PARAM_ERR 4.5057e-05  455.826  0.000110776  6.29705e-08
HV  450
FIT_PARAM 0.0115834  795.194  0.0115434  2.16182e-07
PARAM_ERR 3.57415e-05  292.045  4.76389e-05  2.21453e-08
HV  475
FIT_PARAM 0.00813061  636.374  0.00810391  1.38709e-07
PARAM_ERR 1.64451e-05  211.615  2.24497e-05  8.89021e-09
HV  500
FIT_PARAM 0.0058728  902.435  0.00585811  9.51744e-08
PARAM_ERR 1.24312e-05  233.386  1.59203e-05  5.01779e-09
HV  550
FIT_PARAM 0.00323239  430.676  0.00322125  2.71662e-08
PARAM_ERR 9.26659e-06  627.923  1.65851e-05  5.97929e-09
HV  600
FIT_PARAM 0.0018943  1031.1  0.00189362  1.44048e-08
PARAM_ERR 4.63255e-06  756.881  5.54394e-06  2.82792e-09
HV  800
FIT_PARAM 0.000346397  1000  0.000346397  0.5
PARAM_ERR 1.53038e-06  12.9713  1.53038e-06  0.212132
HV  1000
FIT_PARAM 0.000100082  2640.83  9.97787e-05  0.14853
PARAM_ERR 5.22973e-07  143.933  4.47584e-07  53.4411
HV  1100
FIT_PARAM 5.98339e-05  4364.61  6.02942e-05  0.0325689
PARAM_ERR 4.84363e-07  1.69482  2.78262e-07  1.41422
