AQ5553
ND_CONV00-05  0.2  1.07495
ND_CONV05-15  0.038  1.09421
Initial_value_saturation_point  800
PARAM  linear_slope  comb_satu_point  comb_slope  comb_2nd_coef
HV  375
FIT_PARAM 0.0332165  141.405  0.0328949  7.30515e-07
PARAM_ERR 8.14232e-05  302.377  0.000246003  1.42217e-07
HV  400
FIT_PARAM 0.0220532  373.421  0.0219136  4.64776e-07
PARAM_ERR 5.61874e-05  209.943  8.77773e-05  6.38214e-08
HV  425
FIT_PARAM 0.0151053  744.044  0.015047  2.8672e-07
PARAM_ERR 3.90724e-05  310.053  5.67123e-05  4.0809e-08
HV  450
FIT_PARAM 0.0105866  797.58  0.0105488  1.75416e-07
PARAM_ERR 3.12164e-05  338.774  4.42943e-05  1.84641e-08
HV  475
FIT_PARAM 0.0076595  1071.59  0.00765244  1.08171e-07
PARAM_ERR 1.49746e-05  282.076  1.72458e-05  8.70481e-09
HV  500
FIT_PARAM 0.0056199  1193.33  0.00561753  7.44193e-08
PARAM_ERR 1.16364e-05  276.767  1.28278e-05  4.56181e-09
HV  550
FIT_PARAM 0.00321173  816.015  0.00320759  2.48778e-08
PARAM_ERR 8.3559e-06  652.18  1.09671e-05  7.38964e-09
HV  600
FIT_PARAM 0.0019412  1310.59  0.00194115  1.29642e-08
PARAM_ERR 4.22362e-06  752.009  4.32484e-06  2.96566e-09
HV  800
FIT_PARAM 0.000386916  800  0.000386916  0.5
PARAM_ERR 1.41678e-06  3.82133  1.41678e-06  0.212132
HV  1000
FIT_PARAM 0.000119189  2233.81  0.000119097  0.00438388
PARAM_ERR 4.81613e-07  27.5727  4.5184e-07  0.866431
HV  1100
FIT_PARAM 7.45447e-05  3568.2  7.44142e-05  0.0627227
PARAM_ERR 3.80264e-07  27.7372  2.9663e-07  34.0013
