AQ5909
ND_CONV00-05  0.2  1.12955
ND_CONV05-15  0.038  1.17986
Initial_value_saturation_point  1000
PARAM  linear_slope  comb_satu_point  comb_slope  comb_2nd_coef
HV  375
FIT_PARAM 0.0324364  248.089  0.0320388  1.16163e-06
PARAM_ERR 8.36194e-05  151.885  0.000160674  1.53212e-07
HV  400
FIT_PARAM 0.0213446  412.975  0.0211768  6.31998e-07
PARAM_ERR 5.5924e-05  168.647  8.88339e-05  6.76167e-08
HV  425
FIT_PARAM 0.0145205  465.463  0.0143817  3.71593e-07
PARAM_ERR 3.86699e-05  199.329  6.51229e-05  3.11226e-08
HV  450
FIT_PARAM 0.0101175  656.633  0.010078  2.31687e-07
PARAM_ERR 3.2377e-05  207.216  4.24152e-05  1.53411e-08
HV  475
FIT_PARAM 0.00731023  1008.58  0.00730152  1.45735e-07
PARAM_ERR 1.48196e-05  197.691  1.70504e-05  8.35887e-09
HV  500
FIT_PARAM 0.00534347  1472.66  0.00534691  1.02992e-07
PARAM_ERR 1.15659e-05  212.328  1.19995e-05  4.94634e-09
HV  550
FIT_PARAM 0.00303278  929.627  0.00302935  3.29933e-08
PARAM_ERR 8.63302e-06  529.04  1.05834e-05  7.09201e-09
HV  600
FIT_PARAM 0.00181192  1517.18  0.00181185  1.79445e-08
PARAM_ERR 3.84906e-06  483.668  3.85958e-06  2.50091e-09
HV  800
FIT_PARAM 0.000350719  1000  0.000350719  0.5
PARAM_ERR 1.25867e-06  5.90939  1.25867e-06  0.212132
HV  1000
FIT_PARAM 0.000106406  2828.53  0.000106502  0.0480892
PARAM_ERR 4.87507e-07  38.4426  3.94435e-07  27.83
HV  1100
FIT_PARAM 6.61048e-05  4537.7  6.60782e-05  0.0405327
PARAM_ERR 3.71947e-07  44.8606  2.43698e-07  13.246
