AQ5999
ND_CONV00-05  0.2  1.1447
ND_CONV05-15  0.038  1.0199
Initial_value_saturation_point  1000
PARAM  linear_slope  comb_satu_point  comb_slope  comb_2nd_coef
HV  375
FIT_PARAM 0.0531908  233.103  0.0523968  2.34224e-06
PARAM_ERR 0.000123222  149.386  0.000234217  5.06917e-07
HV  400
FIT_PARAM 0.0344209  340.452  0.0340477  1.34145e-06
PARAM_ERR 8.2646e-05  136.413  0.000128931  1.93106e-07
HV  425
FIT_PARAM 0.023084  428.115  0.0229213  7.27749e-07
PARAM_ERR 5.96879e-05  195.598  0.000100576  9.34019e-08
HV  450
FIT_PARAM 0.0159408  503.91  0.0157993  4.26649e-07
PARAM_ERR 4.24951e-05  228.573  7.72699e-05  4.27785e-08
HV  475
FIT_PARAM 0.0113982  788.807  0.0113561  2.50795e-07
PARAM_ERR 2.10342e-05  211.076  2.79067e-05  2.16002e-08
HV  500
FIT_PARAM 0.00823055  873.273  0.00821356  1.61236e-07
PARAM_ERR 1.6344e-05  197.857  1.962e-05  1.01668e-08
HV  550
FIT_PARAM 0.00458284  900.712  0.00457973  6.72653e-08
PARAM_ERR 1.24289e-05  454.315  1.4589e-05  1.98675e-08
HV  600
FIT_PARAM 0.00268811  978.455  0.00268708  2.96801e-08
PARAM_ERR 6.01569e-06  461.434  6.68615e-06  5.38694e-09
HV  800
FIT_PARAM 0.000497409  1094.02  0.000497409  0.5
PARAM_ERR 2.24708e-06  27.0716  2.24708e-06  2
HV  1000
FIT_PARAM 0.000144272  -4.78485e-05  0.00014637  -1.90608e-09
PARAM_ERR 5.72414e-07  229.122  1.59215e-06  1.08461e-09
HV  1100
FIT_PARAM 8.83384e-05  3000.04  8.81698e-05  0.791288
PARAM_ERR 4.8339e-07  2.85988  3.58904e-07  12.6083
