AQ5458
ND_CONV00-05  0.2  1.13514
ND_CONV05-15  0.038  0.834834
Initial_value_saturation_point  1000
PARAM  linear_slope  comb_satu_point  comb_slope  comb_2nd_coef
HV  375
FIT_PARAM 0.0379986  0.000180013  0.037161  1.1245e-06
PARAM_ERR 9.72913e-05  110.704  0.000289075  1.22372e-07
HV  400
FIT_PARAM 0.0247903  0.000150439  0.0242721  5.89587e-07
PARAM_ERR 6.59684e-05  146.501  0.000195933  5.2216e-08
HV  425
FIT_PARAM 0.0166153  0.000283948  0.0162618  3.38032e-07
PARAM_ERR 4.80889e-05  120.368  0.00010353  2.49379e-08
HV  450
FIT_PARAM 0.0114481  406.475  0.0113555  2.24986e-07
PARAM_ERR 3.75297e-05  260.896  7.07377e-05  1.64948e-08
HV  475
FIT_PARAM 0.00813221  1339.17  0.00812753  1.57258e-07
PARAM_ERR 1.75934e-05  232.956  1.84265e-05  1.23206e-08
HV  500
FIT_PARAM 0.00586288  1124.95  0.00585354  1.00075e-07
PARAM_ERR 1.33336e-05  250.119  1.57259e-05  5.58202e-09
HV  550
FIT_PARAM 0.00322709  0.00343224  0.00321026  1.97989e-08
PARAM_ERR 1.01212e-05  186.029  1.36865e-05  3.72216e-09
HV  600
FIT_PARAM 0.00187741  1072.45  0.00187612  1.35938e-08
PARAM_ERR 5.10917e-06  646.64  5.63336e-06  2.30878e-09
HV  800
FIT_PARAM 0.00033097  1000  0.00033097  0.5
PARAM_ERR 1.54923e-06  16.4047  1.54923e-06  0.212132
HV  1000
FIT_PARAM 9.03119e-05  2492.83  9.03581e-05  0.373929
PARAM_ERR 4.7001e-07  6.71909  255.023  408.886
HV  1100
FIT_PARAM 5.36325e-05  4141.49  5.38064e-05  0.00978186
PARAM_ERR 3.50939e-07  52.6087  2.23982e-07  2.13823
