AQ5979
ND_CONV00-05  0.2  1.12227
ND_CONV05-15  0.038  1.05071
Initial_value_saturation_point  1000
PARAM  linear_slope  comb_satu_point  comb_slope  comb_2nd_coef
HV  375
FIT_PARAM 0.0379591  272.201  0.0375664  1.32039e-06
PARAM_ERR 9.35224e-05  173.926  0.000171857  2.35946e-07
HV  400
FIT_PARAM 0.0246161  395.94  0.0244083  7.25688e-07
PARAM_ERR 6.22771e-05  176.502  0.00010011  9.27832e-08
HV  425
FIT_PARAM 0.0164773  390.016  0.0163176  4.0795e-07
PARAM_ERR 4.34796e-05  243.632  8.74107e-05  4.24479e-08
HV  450
FIT_PARAM 0.0113577  793.792  0.0113109  2.67162e-07
PARAM_ERR 3.44874e-05  254.381  4.85524e-05  2.34279e-08
HV  475
FIT_PARAM 0.00805505  1043.96  0.00804328  1.67453e-07
PARAM_ERR 1.62379e-05  226.106  1.96972e-05  1.14808e-08
HV  500
FIT_PARAM 0.00581926  1178.82  0.00581539  1.10409e-07
PARAM_ERR 1.24933e-05  209.017  1.40015e-05  5.52736e-09
HV  550
FIT_PARAM 0.00321552  906.994  0.00321214  3.76478e-08
PARAM_ERR 9.12475e-06  524.18  1.16829e-05  8.4825e-09
HV  600
FIT_PARAM 0.00189727  1221.58  0.0018966  1.87368e-08
PARAM_ERR 4.45244e-06  493.087  4.66469e-06  2.68288e-09
HV  800
FIT_PARAM 0.000358554  1000  0.000358554  0.5
PARAM_ERR 1.5093e-06  10.424  1.5093e-06  0.212132
HV  1000
FIT_PARAM 0.000108085  2423.72  0.000108114  0.211925
PARAM_ERR 5.06199e-07  34.1915  4.72608e-07  65.6636
HV  1100
FIT_PARAM 6.73723e-05  3930.25  6.73938e-05  0.0234885
PARAM_ERR 3.99113e-07  54.5369  2.78186e-07  11.642
