AP1358
ND_CONV00-05  0.2  1.26885
ND_CONV05-15  0.038  1.11024
Initial_value_saturation_point  800
PARAM  linear_slope  comb_satu_point  comb_slope  comb_2nd_coef
HV  375
FIT_PARAM 0.0429126  343.184  0.0426442  1.01556e-06
PARAM_ERR 0.00010961  231.41  0.000165494  3.03477e-07
HV  400
FIT_PARAM 0.0279946  1101.18  0.027973  9.77103e-07
PARAM_ERR 7.4851e-05  322.178  7.87719e-05  3.4096e-07
HV  425
FIT_PARAM 0.0189088  519.366  0.0188058  3.28371e-07
PARAM_ERR 5.12213e-05  294.173  7.71939e-05  5.2207e-08
HV  450
FIT_PARAM 0.0131005  528.472  0.013047  1.88254e-07
PARAM_ERR 3.92257e-05  370.524  6.36725e-05  2.39751e-08
HV  475
FIT_PARAM 0.00928783  564.219  0.00927214  1.23396e-07
PARAM_ERR 1.88415e-05  257.523  2.57612e-05  1.02276e-08
HV  500
FIT_PARAM 0.00674373  212.702  0.00670125  7.66299e-08
PARAM_ERR 1.4333e-05  657.105  6.32584e-05  6.27165e-09
HV  550
FIT_PARAM 0.00377187  899.459  0.00376643  2.79326e-08
PARAM_ERR 1.09019e-05  707.909  1.29864e-05  8.97448e-09
HV  600
FIT_PARAM 0.00223498  1385.98  0.00223563  1.57256e-08
PARAM_ERR 6.34091e-06  687.172  6.27036e-06  3.166e-09
HV  800
FIT_PARAM 0.00041851  800  0.00041851  0.5
PARAM_ERR 1.54841e-06  10.6958  1.54841e-06  0.212132
HV  1000
FIT_PARAM 0.000122423  2641.84  0.000122574  0.0675445
PARAM_ERR 5.14287e-07  30.3794  4.53723e-07  21.0242
HV  1100
FIT_PARAM 7.44541e-05  4277.13  7.51076e-05  0.868319
PARAM_ERR 4.22758e-07  95.3259  2.80821e-07  29806.8
