AQ4622
ND_CONV00-05  0.2  0.808232
ND_CONV05-15  0.038  1.47794
Initial_value_saturation_point  1000
PARAM  linear_slope  comb_satu_point  comb_slope  comb_2nd_coef
HV  375
FIT_PARAM 0.0468053  422.687  0.0464862  1.52298e-06
PARAM_ERR 0.000122342  122.779  0.000150707  3.52388e-07
HV  400
FIT_PARAM 0.0303919  624.227  0.0303023  8.34988e-07
PARAM_ERR 8.41636e-05  167.154  9.70538e-05  1.59914e-07
HV  425
FIT_PARAM 0.0204348  841.176  0.0204149  4.86201e-07
PARAM_ERR 5.8573e-05  214.244  6.69516e-05  7.54654e-08
HV  450
FIT_PARAM 0.0141665  1158.85  0.0141647  2.928e-07
PARAM_ERR 4.49965e-05  263.714  4.71363e-05  3.84372e-08
HV  475
FIT_PARAM 0.0100581  1836.48  0.0100533  1.97728e-07
PARAM_ERR 2.06065e-05  299.924  1.98121e-05  2.3345e-08
HV  500
FIT_PARAM 0.00724704  2193.74  0.00725434  1.29922e-07
PARAM_ERR 1.61204e-05  356.39  1.50637e-05  1.30273e-08
HV  550
FIT_PARAM 0.00398106  983.916  0.00398289  2.9796e-08
PARAM_ERR 1.12638e-05  620.623  1.15411e-05  1.89e-08
HV  600
FIT_PARAM 0.00233357  1915.81  0.00233118  1.87145e-08
PARAM_ERR 5.49171e-06  701.798  5.06295e-06  7.93818e-09
HV  800
FIT_PARAM 0.000414938  1000  0.000414938  0.5
PARAM_ERR 1.76955e-06  8.69246  1.76955e-06  0.212132
HV  1000
FIT_PARAM 0.00011755  426.685  0.000118362  -1.16601e-09
PARAM_ERR 6.27307e-07  739.428  1.04119e-06  1.06723e-09
HV  1100
FIT_PARAM 7.06289e-05  4040.86  7.0275e-05  1.27736
PARAM_ERR 5.61736e-07  1147.14  3.36986e-07  715.227
