AQ4847
ND_CONV00-05  0.2  1.05464
ND_CONV05-15  0.038  1.05288
Initial_value_saturation_point  1000
PARAM  linear_slope  comb_satu_point  comb_slope  comb_2nd_coef
HV  375
FIT_PARAM 0.0392556  -3.73473e-05  0.0385842  9.44469e-07
PARAM_ERR 9.3315e-05  110.818  0.000252178  1.26627e-07
HV  400
FIT_PARAM 0.025596  366.735  0.025445  5.32566e-07
PARAM_ERR 6.52577e-05  306.989  0.000121942  1.08685e-07
HV  425
FIT_PARAM 0.0171801  416.548  0.0170702  3.11235e-07
PARAM_ERR 4.52845e-05  343.71  8.95229e-05  4.62677e-08
HV  450
FIT_PARAM 0.0118409  754.041  0.0118049  2.01459e-07
PARAM_ERR 3.59721e-05  351.748  5.14177e-05  2.40185e-08
HV  475
FIT_PARAM 0.00832636  802.064  0.00831318  1.26782e-07
PARAM_ERR 1.67613e-05  242.961  2.02118e-05  9.53858e-09
HV  500
FIT_PARAM 0.00600509  1028.41  0.00599814  8.84527e-08
PARAM_ERR 1.25922e-05  263.256  1.48743e-05  5.38416e-09
HV  550
FIT_PARAM 0.00328376  1036.87  0.00328179  2.87948e-08
PARAM_ERR 8.74809e-06  672.884  1.05496e-05  9.57023e-09
HV  600
FIT_PARAM 0.00191455  1253.21  0.00191424  1.30243e-08
PARAM_ERR 4.53675e-06  714.729  4.75275e-06  2.81361e-09
HV  800
FIT_PARAM 0.000335085  1000  0.000335085  0.5
PARAM_ERR 1.4181e-06  12.3176  1.4181e-06  0.212132
HV  1000
FIT_PARAM 9.35891e-05  2672.77  9.3441e-05  0.0696589
PARAM_ERR 4.72847e-07  58.408  4.07851e-07  38.5019
HV  1100
FIT_PARAM 5.58618e-05  4428.76  5.57172e-05  0.0746392
PARAM_ERR 3.88245e-07  73.3578  2.53355e-07  38.5076
