AQ5047_R
ND_CONV00-05  0.2  1.01363
ND_CONV05-15  0.038  0.663906
Initial_value_saturation_point  1000
PARAM  linear_slope  comb_satu_point  comb_slope  comb_2nd_coef
HV  375
FIT_PARAM 0.0244382  307.903  0.0242391  5.29879e-07
PARAM_ERR 6.33223e-05  259.117  0.000126398  8.39866e-08
HV  400
FIT_PARAM 0.0160484  549.405  0.0159575  3.05671e-07
PARAM_ERR 4.2773e-05  335.038  7.54182e-05  4.44289e-08
HV  425
FIT_PARAM 0.0108595  713.626  0.0108093  1.78258e-07
PARAM_ERR 3.29085e-05  389.005  5.30497e-05  2.0479e-08
HV  450
FIT_PARAM 0.0075322  1039.53  0.00751717  1.13568e-07
PARAM_ERR 2.56384e-05  467.03  3.74492e-05  1.1252e-08
HV  475
FIT_PARAM 0.00538663  1533.02  0.00539052  7.67209e-08
PARAM_ERR 1.16137e-05  306.267  1.24472e-05  4.91107e-09
HV  500
FIT_PARAM 0.00392182  2072.86  0.00393101  5.506e-08
PARAM_ERR 9.17949e-06  334.654  9.19157e-06  2.93838e-09
HV  550
FIT_PARAM 0.00219874  759.502  0.00219423  1.39201e-08
PARAM_ERR 6.93844e-06  1192.74  1.24082e-05  4.27302e-09
HV  600
FIT_PARAM 0.00129965  580.208  0.00129835  7.29027e-09
PARAM_ERR 3.31867e-06  573.442  3.84547e-06  9.07999e-10
HV  800
FIT_PARAM 0.000245041  1000  0.000245041  0.5
PARAM_ERR 1.08878e-06  11.2209  1.08878e-06  0.212132
HV  1000
FIT_PARAM 7.33349e-05  2058.91  7.33348e-05  0.120402
PARAM_ERR 3.31955e-07  93.419  2.5903e-07  0.200328
HV  1100
FIT_PARAM 4.57002e-05  3351.05  4.54658e-05  0.376592
PARAM_ERR 2.98207e-07  192.522  2.09279e-07  161.455
