AQ6277
ND_CONV00-05  0.2  0.958283
ND_CONV05-15  0.038  1.35312
Initial_value_saturation_point  800
PARAM  linear_slope  comb_satu_point  comb_slope  comb_2nd_coef
HV  375
FIT_PARAM 0.0331806  152.934  0.0325819  1.31099e-06
PARAM_ERR 8.31443e-05  140.689  0.000211695  1.34789e-07
HV  400
FIT_PARAM 0.0218615  230.19  0.0215003  7.6023e-07
PARAM_ERR 5.80135e-05  139.017  0.000122594  5.83578e-08
HV  425
FIT_PARAM 0.0147766  324.673  0.0145666  4.64029e-07
PARAM_ERR 4.25831e-05  174.727  8.8525e-05  3.00849e-08
HV  450
FIT_PARAM 0.0102761  389.867  0.0101748  2.82143e-07
PARAM_ERR 3.42043e-05  203.115  6.29542e-05  1.52507e-08
HV  475
FIT_PARAM 0.00739826  704.598  0.00736072  1.91276e-07
PARAM_ERR 1.58614e-05  166.907  2.21753e-05  8.81072e-09
HV  500
FIT_PARAM 0.00539866  986.722  0.00538726  1.3255e-07
PARAM_ERR 1.21752e-05  190.058  1.58505e-05  5.41048e-09
HV  550
FIT_PARAM 0.00304847  395.827  0.00303015  4.0435e-08
PARAM_ERR 8.69175e-06  350.287  1.58058e-05  5.8531e-09
HV  600
FIT_PARAM 0.00181743  579.517  0.00181637  2.01938e-08
PARAM_ERR 4.17133e-06  296.53  4.54288e-06  2.05945e-09
HV  800
FIT_PARAM 0.000352676  374.333  0.00035013  2.60588e-08
PARAM_ERR 1.33874e-06  250.581  2.08677e-06  2.97466e-08
HV  1000
FIT_PARAM 0.000108721  2814.11  0.000109066  0.00542294
PARAM_ERR 5.38336e-07  42.3359  4.33049e-07  1.50075
HV  1100
FIT_PARAM 6.70992e-05  4472.37  6.77746e-05  0.00370395
PARAM_ERR 4.47469e-07  76.2354  2.81103e-07  0.517549
