AQ6755
ND_CONV00-05  0.2  1.06378
ND_CONV05-15  0.038  1.032
Initial_value_saturation_point  1000
PARAM  linear_slope  comb_satu_point  comb_slope  comb_2nd_coef
HV  375
FIT_PARAM 0.0390814  312.794  0.0387949  1.02738e-06
PARAM_ERR 0.000101232  238.933  0.000171386  2.66789e-07
HV  400
FIT_PARAM 0.0258952  420.463  0.0257377  6.13458e-07
PARAM_ERR 6.78796e-05  253.945  0.00010935  1.14345e-07
HV  425
FIT_PARAM 0.0178342  682.377  0.017771  3.75205e-07
PARAM_ERR 4.94609e-05  312.105  7.12517e-05  6.25902e-08
HV  450
FIT_PARAM 0.0125411  501.763  0.0124637  2.23401e-07
PARAM_ERR 3.82017e-05  305.801  6.50232e-05  2.27754e-08
HV  475
FIT_PARAM 0.00909753  890.834  0.0090798  1.52062e-07
PARAM_ERR 1.83017e-05  296.923  2.40797e-05  1.41253e-08
HV  500
FIT_PARAM 0.00671374  1163.98  0.00670887  1.08584e-07
PARAM_ERR 1.43169e-05  288.7  1.6939e-05  7.76883e-09
HV  550
FIT_PARAM 0.00387365  1122.3  0.00387316  4.02113e-08
PARAM_ERR 1.08429e-05  1519.33  1.62195e-05  3.34455e-08
HV  600
FIT_PARAM 0.00236509  1448.19  0.00236371  1.88225e-08
PARAM_ERR 5.77533e-06  1063.07  6.61683e-06  7.06227e-09
HV  800
FIT_PARAM 0.000492253  1000  0.000492253  0.5
PARAM_ERR 2.40423e-06  18.6953  2.40423e-06  0.212132
HV  1000
FIT_PARAM 0.00016079  748.772  0.000161252  -3.46821e-09
PARAM_ERR 7.49867e-07  823.455  1.05293e-06  8.71465e-09
HV  1100
FIT_PARAM 0.000103028  1600.95  0.000103135  1.72443e-09
PARAM_ERR 5.63499e-07  1120.15  5.80899e-07  7.3453e-09
