AQ5332
ND_CONV00-05  0.2  1.12792
ND_CONV05-15  0.038  0.933991
Initial_value_saturation_point  800
PARAM  linear_slope  comb_satu_point  comb_slope  comb_2nd_coef
HV  375
FIT_PARAM 0.037059  199.814  0.0365084  1.47011e-06
PARAM_ERR 9.26808e-05  128.638  0.000184357  1.8612e-07
HV  400
FIT_PARAM 0.0241567  0.000561863  0.0234729  8.50335e-07
PARAM_ERR 6.24216e-05  90.1962  0.000176085  5.23398e-08
HV  425
FIT_PARAM 0.0163295  0.000612276  0.015856  5.04299e-07
PARAM_ERR 4.42696e-05  198.498  0.000208325  2.48025e-08
HV  450
FIT_PARAM 0.0112972  -6.48699e-05  0.0109904  3.18569e-07
PARAM_ERR 3.50361e-05  79.1743  6.4074e-05  1.24518e-08
HV  475
FIT_PARAM 0.00801282  597.677  0.00796665  2.23544e-07
PARAM_ERR 1.64882e-05  146.52  2.44646e-05  1.00631e-08
HV  500
FIT_PARAM 0.00581859  901.164  0.00580154  1.57978e-07
PARAM_ERR 1.26368e-05  159.139  1.6605e-05  6.14763e-09
HV  550
FIT_PARAM 0.00323179  328.314  0.00321252  4.86347e-08
PARAM_ERR 9.31996e-06  358.107  1.90364e-05  5.88183e-09
HV  600
FIT_PARAM 0.00190609  656.642  0.00190368  2.64831e-08
PARAM_ERR 4.55482e-06  268.511  5.14743e-06  2.19614e-09
HV  800
FIT_PARAM 0.000355532  998.575  0.000355532  0.5
PARAM_ERR 1.50962e-06  11.2097  1.50962e-06  2
HV  1000
FIT_PARAM 0.000105938  2254.84  0.000105873  0.0289852
PARAM_ERR 5.01586e-07  23.7693  4.66315e-07  8.36249
HV  1100
FIT_PARAM 6.40765e-05  3552.93  6.44777e-05  0.0567243
PARAM_ERR 3.94241e-07  52.2884  2.90292e-07  12.3248
