AP1147
ND_CONV00-05  0.2  1.05818
ND_CONV05-15  0.038  0.54454
Initial_value_saturation_point  1000
PARAM  linear_slope  comb_satu_point  comb_slope  comb_2nd_coef
HV  375
FIT_PARAM 0.0344175  332.96  0.0339637  1.55573e-06
PARAM_ERR 8.2973e-05  122.774  0.000135648  1.96902e-07
HV  400
FIT_PARAM 0.022686  -187.63  0.0216973  8.05545e-07
PARAM_ERR 5.92751e-05  43.79  0.000161003  4.9946e-08
HV  425
FIT_PARAM 0.0155824  880.591  0.0154695  6.41632e-07
PARAM_ERR 4.54996e-05  197.416  7.05655e-05  6.32248e-08
HV  450
FIT_PARAM 0.0108923  748.014  0.0108125  3.53439e-07
PARAM_ERR 3.36586e-05  165.611  4.68826e-05  2.07816e-08
HV  475
FIT_PARAM 0.00783926  876.237  0.00781235  2.28507e-07
PARAM_ERR 1.62185e-05  143.584  2.00006e-05  1.0518e-08
HV  500
FIT_PARAM 0.00575011  1248.19  0.00574763  1.62374e-07
PARAM_ERR 1.26582e-05  146.422  1.39065e-05  6.14613e-09
HV  550
FIT_PARAM 0.00327554  614.496  0.00326119  5.06972e-08
PARAM_ERR 8.73065e-06  317.773  1.29217e-05  7.3994e-09
HV  600
FIT_PARAM 0.00197933  1161.98  0.00197831  2.82068e-08
PARAM_ERR 5.00449e-06  343.168  5.32987e-06  3.15102e-09
HV  800
FIT_PARAM 0.000403087  1000  0.000403087  0.5
PARAM_ERR 2.02145e-06  18.6474  2.02145e-06  0.212132
HV  1000
FIT_PARAM 0.00012676  995.641  0.00012667  9.19116e-07
PARAM_ERR 5.93367e-07  689.603  6.32872e-07  4.41952e-05
HV  1100
FIT_PARAM 8.06687e-05  498.917  8.1178e-05  -1.58797e-09
PARAM_ERR 3.89025e-07  505.211  6.23639e-07  1.85345e-09
