AQ4970
ND_CONV00-05  0.2  1.24499
ND_CONV05-15  0.038  0.880085
Initial_value_saturation_point  1000
PARAM  linear_slope  comb_satu_point  comb_slope  comb_2nd_coef
HV  375
FIT_PARAM 0.0531284  295.483  0.052501  1.92972e-06
PARAM_ERR 0.000133302  197.834  0.000232578  5.77393e-07
HV  400
FIT_PARAM 0.0340307  293.141  0.0337517  9.91771e-07
PARAM_ERR 9.00962e-05  203.219  0.000159881  1.84147e-07
HV  425
FIT_PARAM 0.0227787  551.367  0.0226805  5.33543e-07
PARAM_ERR 6.15049e-05  286.259  9.40171e-05  1.00668e-07
HV  450
FIT_PARAM 0.0155976  459.936  0.0154769  3.07903e-07
PARAM_ERR 4.20329e-05  269.107  7.47771e-05  3.50588e-08
HV  475
FIT_PARAM 0.0111067  1491  0.0111094  2.05033e-07
PARAM_ERR 2.0888e-05  375.617  2.27068e-05  3.07073e-08
HV  500
FIT_PARAM 0.00797677  1457.01  0.00797845  1.19542e-07
PARAM_ERR 1.6247e-05  369.306  1.80567e-05  1.26694e-08
HV  550
FIT_PARAM 0.0043626  439.342  0.00435065  3.57447e-08
PARAM_ERR 1.17618e-05  594.123  1.93111e-05  9.9677e-09
HV  600
FIT_PARAM 0.00252264  1111.48  0.00252169  2.00912e-08
PARAM_ERR 6.10782e-06  651.056  6.47268e-06  4.39432e-09
HV  800
FIT_PARAM 0.000437169  1000  0.000437169  0.5
PARAM_ERR 1.92987e-06  27.8564  1.92987e-06  0.212132
HV  1000
FIT_PARAM 0.000120911  1641.01  0.000120833  1.40956e-08
PARAM_ERR 5.4237e-07  339.796  5.69325e-07  3.31757e-08
HV  1100
FIT_PARAM 7.19171e-05  3416.86  7.20181e-05  0.0543482
PARAM_ERR 4.25759e-07  89.9557  3.06819e-07  65.8944
