AQ5681
ND_CONV00-05  0.2  1.06945
ND_CONV05-15  0.038  1.13787
Initial_value_saturation_point  1000
PARAM  linear_slope  comb_satu_point  comb_slope  comb_2nd_coef
HV  375
FIT_PARAM 0.0489091  316.359  0.0483937  1.52307e-06
PARAM_ERR 0.00011623  267.408  0.000219903  5.45345e-07
HV  400
FIT_PARAM 0.0319645  386.304  0.0317545  8.59955e-07
PARAM_ERR 8.26488e-05  283.977  0.000150904  2.08863e-07
HV  425
FIT_PARAM 0.0216603  461.439  0.0215434  4.99637e-07
PARAM_ERR 5.63966e-05  345.864  0.000113073  9.66578e-08
HV  450
FIT_PARAM 0.0150895  663.096  0.0150031  3.20813e-07
PARAM_ERR 3.98329e-05  324.995  6.836e-05  4.41278e-08
HV  475
FIT_PARAM 0.0108204  1090.63  0.0108012  2.08779e-07
PARAM_ERR 1.98127e-05  265.469  2.34848e-05  2.17533e-08
HV  500
FIT_PARAM 0.00787853  1206.03  0.0078736  1.36894e-07
PARAM_ERR 1.56547e-05  284.45  1.82952e-05  1.12985e-08
HV  550
FIT_PARAM 0.00441401  4675.11  0.00443443  0.00181563
PARAM_ERR 1.15248e-05  181.861  1.00534e-05  0.036999
HV  600
FIT_PARAM 0.00261149  1086.42  0.00260961  2.26114e-08
PARAM_ERR 5.77186e-06  705.476  6.62492e-06  6.28158e-09
HV  800
FIT_PARAM 0.000486329  1000  0.000486329  0.5
PARAM_ERR 2.02103e-06  8.9148  2.02103e-06  0.212132
HV  1000
FIT_PARAM 0.000140931  375.945  0.000142086  -2.00288e-09
PARAM_ERR 5.83557e-07  396.004  1.03446e-06  1.52895e-09
HV  1100
FIT_PARAM 8.60675e-05  3191.06  8.59637e-05  3.17099
PARAM_ERR 4.7685e-07  1671.07  3.75253e-07  13770.7
