AQ6920
ND_CONV00-05  0.2  1.09335
ND_CONV05-15  0.038  1.03056
Initial_value_saturation_point  1000
PARAM  linear_slope  comb_satu_point  comb_slope  comb_2nd_coef
HV  375
FIT_PARAM 0.0344603  360.278  0.0342342  7.48916e-07
PARAM_ERR 8.61704e-05  248.356  0.000134282  1.87917e-07
HV  400
FIT_PARAM 0.0223118  295.488  0.0221631  3.91017e-07
PARAM_ERR 5.99776e-05  588.908  0.000200701  1.02179e-07
HV  425
FIT_PARAM 0.0149569  6.86095e-07  0.0147469  2.052e-07
PARAM_ERR 4.02155e-05  163.598  8.45818e-05  1.87949e-08
HV  450
FIT_PARAM 0.0102776  732.232  0.0102509  1.44748e-07
PARAM_ERR 3.53017e-05  451.734  5.2792e-05  1.77177e-08
HV  475
FIT_PARAM 0.0073762  1912.71  0.00738454  9.54927e-08
PARAM_ERR 1.52769e-05  520.517  1.59252e-05  1.30753e-08
HV  500
FIT_PARAM 0.00531798  1977.45  0.00532306  6.22487e-08
PARAM_ERR 1.15991e-05  494.691  1.23188e-05  5.95157e-09
HV  550
FIT_PARAM 0.00295576  579.923  0.00295074  1.68375e-08
PARAM_ERR 8.89732e-06  893.047  1.33403e-05  5.29403e-09
HV  600
FIT_PARAM 0.00173234  1769.88  0.00173233  1.05254e-08
PARAM_ERR 4.2361e-06  951.102  4.22559e-06  2.6389e-09
HV  800
FIT_PARAM 0.000315555  1000  0.000315555  0.5
PARAM_ERR 1.31836e-06  7.07507  1.31836e-06  0.212132
HV  1000
FIT_PARAM 9.29695e-05  2740.07  9.29139e-05  0.205641
PARAM_ERR 4.6376e-07  100.803  3.95382e-07  8.26901
HV  1100
FIT_PARAM 5.74826e-05  4447.06  5.71593e-05  0.204811
PARAM_ERR 3.88609e-07  2.44151  427.144  467.685
