AQ5332_2
ND_CONV00-05  0.2  0.615492
ND_CONV05-15  0.038  1.32542
Initial_value_saturation_point  1000
PARAM  linear_slope  comb_satu_point  comb_slope  comb_2nd_coef
HV  375
FIT_PARAM 0.0396306  330.821  0.0391737  1.50038e-06
PARAM_ERR 9.79313e-05  154.145  0.000158586  2.70114e-07
HV  400
FIT_PARAM 0.025908  284.317  0.0256002  8.11266e-07
PARAM_ERR 6.9373e-05  209.192  0.000150273  1.07652e-07
HV  425
FIT_PARAM 0.0175937  442.885  0.0174187  4.88267e-07
PARAM_ERR 4.96523e-05  188.29  8.54367e-05  4.55301e-08
HV  450
FIT_PARAM 0.0121796  673.494  0.012098  3.21452e-07
PARAM_ERR 3.73487e-05  235.342  5.99203e-05  2.66638e-08
HV  475
FIT_PARAM 0.00865627  1192.52  0.00865228  2.30689e-07
PARAM_ERR 1.7597e-05  221.735  1.94322e-05  1.74196e-08
HV  500
FIT_PARAM 0.0062992  1154.56  0.00628768  1.50868e-07
PARAM_ERR 1.27834e-05  199.799  1.49975e-05  7.6248e-09
HV  550
FIT_PARAM 0.00351216  1454.26  0.00351171  7.52074e-08
PARAM_ERR 9.54163e-06  900.17  9.82629e-06  8.21423e-08
HV  600
FIT_PARAM 0.00207454  768.072  0.0020722  2.01451e-08
PARAM_ERR 4.50294e-06  483.188  5.12693e-06  5.64283e-09
HV  800
FIT_PARAM 0.000386141  1000  0.000386141  0.5
PARAM_ERR 1.57083e-06  6.73897  1.57083e-06  0.212132
HV  1000
FIT_PARAM 0.000114477  1145.74  0.000114341  5.08553e-09
PARAM_ERR 4.61702e-07  404.08  5.31091e-07  1.34537e-08
HV  1100
FIT_PARAM 7.08512e-05  2713.85  7.0965e-05  1.56942
PARAM_ERR 3.74807e-07  63.8311  3.14447e-07  275.308
