AQ7347
ND_CONV00-05  0.2  1.19999
ND_CONV05-15  0.038  1.11582
Initial_value_saturation_point  800
PARAM  linear_slope  comb_satu_point  comb_slope  comb_2nd_coef
HV  375
FIT_PARAM 0.0354138  217.262  0.0350332  9.64162e-07
PARAM_ERR 8.69581e-05  217.585  0.000193177  1.77853e-07
HV  400
FIT_PARAM 0.0235871  426.137  0.023455  5.43446e-07
PARAM_ERR 6.24797e-05  203.108  9.29858e-05  7.88044e-08
HV  425
FIT_PARAM 0.0162164  398.751  0.0160833  3.1321e-07
PARAM_ERR 4.35718e-05  279.039  8.36578e-05  3.64432e-08
HV  450
FIT_PARAM 0.011439  936.146  0.0114107  2.17417e-07
PARAM_ERR 3.46751e-05  285.944  4.23897e-05  2.26947e-08
HV  475
FIT_PARAM 0.00823728  625.609  0.00821015  1.27597e-07
PARAM_ERR 1.71843e-05  242.434  2.38219e-05  9.2396e-09
HV  500
FIT_PARAM 0.00608748  1163.6  0.00608116  9.46797e-08
PARAM_ERR 1.30879e-05  248.039  1.48507e-05  5.66926e-09
HV  550
FIT_PARAM 0.00347944  522.033  0.00347196  2.71811e-08
PARAM_ERR 1.01722e-05  480.433  1.38702e-05  5.71634e-09
HV  600
FIT_PARAM 0.00211692  1083.61  0.00211637  1.53655e-08
PARAM_ERR 5.21381e-06  630.129  5.52257e-06  2.82002e-09
HV  800
FIT_PARAM 0.000435061  800  0.000435061  0.5
PARAM_ERR 1.54261e-06  4.59519  1.54261e-06  0.212132
HV  1000
FIT_PARAM 0.000139832  1196.9  0.000139815  1.41468e-10
PARAM_ERR 5.27246e-07  1.41421  5.72112e-07  3.06126e-09
HV  1100
FIT_PARAM 8.94785e-05  3404.68  8.93139e-05  3.83936
PARAM_ERR 4.40091e-07  1.41421  3.25482e-07  1.41421
