AQ7025
ND_CONV00-05  0.2  0.666922
ND_CONV05-15  0.038  1.01082
Initial_value_saturation_point  800
PARAM  linear_slope  comb_satu_point  comb_slope  comb_2nd_coef
HV  375
FIT_PARAM 0.031816  431.349  0.0316416  8.04801e-07
PARAM_ERR 8.01416e-05  221.781  0.00011617  1.74948e-07
HV  400
FIT_PARAM 0.0209462  478.176  0.0208331  4.2417e-07
PARAM_ERR 5.50514e-05  299.369  9.29955e-05  7.31047e-08
HV  425
FIT_PARAM 0.0142219  769.62  0.0141772  2.64596e-07
PARAM_ERR 4.01943e-05  333.188  5.67242e-05  3.71243e-08
HV  450
FIT_PARAM 0.00991087  989.726  0.00989849  1.60188e-07
PARAM_ERR 3.2905e-05  394.609  4.18082e-05  1.84332e-08
HV  475
FIT_PARAM 0.00713422  1569.45  0.0071325  1.05307e-07
PARAM_ERR 1.44008e-05  392.174  1.52871e-05  1.0705e-08
HV  500
FIT_PARAM 0.00521641  2230.11  0.00522188  7.54202e-08
PARAM_ERR 1.14324e-05  385.121  1.06268e-05  5.90625e-09
HV  550
FIT_PARAM 0.00294563  1224.45  0.00294517  2.47724e-08
PARAM_ERR 7.88821e-06  859.552  8.01033e-06  1.78276e-08
HV  600
FIT_PARAM 0.00175842  1371.44  0.00175823  1.10993e-08
PARAM_ERR 4.17899e-06  861.732  4.17235e-06  4.41236e-09
HV  800
FIT_PARAM 0.000339395  800  0.000339395  0.5
PARAM_ERR 1.72248e-06  15.6137  1.72248e-06  0.212132
HV  1000
FIT_PARAM 0.000100532  798.557  0.000100543  -1.09762e-10
PARAM_ERR 4.42439e-07  1.41421  5.72757e-07  3.60139e-09
HV  1100
FIT_PARAM 6.25497e-05  2441.59  6.22861e-05  0.073527
PARAM_ERR 3.25656e-07  80.4037  2.98996e-07  64.2549
