AQ6758
ND_CONV00-05  0.2  0.661168
ND_CONV05-15  0.038  1.85497
Initial_value_saturation_point  1000
PARAM  linear_slope  comb_satu_point  comb_slope  comb_2nd_coef
HV  375
FIT_PARAM 0.038979  257.408  0.0383749  1.65974e-06
PARAM_ERR 9.29108e-05  123.079  0.000166229  2.2599e-07
HV  400
FIT_PARAM 0.025652  331.448  0.0253371  9.60555e-07
PARAM_ERR 6.60907e-05  135.657  0.00011508  9.57029e-08
HV  425
FIT_PARAM 0.0175047  454.177  0.0173087  6.03784e-07
PARAM_ERR 4.74234e-05  157.348  8.12346e-05  4.84541e-08
HV  450
FIT_PARAM 0.012277  559.325  0.0121588  3.77766e-07
PARAM_ERR 3.61745e-05  173.606  5.76829e-05  2.4214e-08
HV  475
FIT_PARAM 0.00879542  861.165  0.00877657  2.63322e-07
PARAM_ERR 1.85642e-05  169.793  2.35556e-05  1.48557e-08
HV  500
FIT_PARAM 0.00645113  1068.24  0.00643845  1.8628e-07
PARAM_ERR 1.43545e-05  165.33  1.73256e-05  8.11027e-09
HV  550
FIT_PARAM 0.00365624  591.318  0.00364965  5.40025e-08
PARAM_ERR 1.04483e-05  422.447  1.38708e-05  1.91203e-08
HV  600
FIT_PARAM 0.00220242  731.291  0.0021996  2.95125e-08
PARAM_ERR 4.9649e-06  350.826  5.74503e-06  5.92983e-09
HV  800
FIT_PARAM 0.000432745  1000  0.000432745  0.5
PARAM_ERR 1.90614e-06  22.5237  1.90614e-06  0.212132
HV  1000
FIT_PARAM 0.000133887  1061.36  0.000133884  4.38633e-10
PARAM_ERR 5.9301e-07  1.42142  7.23566e-07  3.07187e-09
HV  1100
FIT_PARAM 8.3539e-05  3238.61  8.36477e-05  0.00120914
PARAM_ERR 5.75106e-07  121.214  3.89332e-07  0.124472
