AQ6622
ND_CONV00-05  0.2  1.08741
ND_CONV05-15  0.038  1.02394
Initial_value_saturation_point  1000
PARAM  linear_slope  comb_satu_point  comb_slope  comb_2nd_coef
HV  375
FIT_PARAM 0.0257978  375.04  0.0255031  1.06681e-06
PARAM_ERR 6.68482e-05  161.113  0.000125289  1.22203e-07
HV  400
FIT_PARAM 0.0169826  505.937  0.0167954  6.36805e-07
PARAM_ERR 4.5693e-05  175.575  8.24987e-05  5.4526e-08
HV  425
FIT_PARAM 0.0115254  830.407  0.0114633  4.173e-07
PARAM_ERR 3.53548e-05  172.976  4.86171e-05  2.74155e-08
HV  450
FIT_PARAM 0.00802315  1026.49  0.00799775  2.72006e-07
PARAM_ERR 2.85309e-05  203.977  3.81536e-05  1.49647e-08
HV  475
FIT_PARAM 0.00580968  1343.65  0.00581005  1.79784e-07
PARAM_ERR 1.25094e-05  155.004  1.4099e-05  7.25648e-09
HV  500
FIT_PARAM 0.0042538  2016.21  0.00426801  1.35511e-07
PARAM_ERR 9.87384e-06  153.16  9.60051e-06  4.4476e-09
HV  550
FIT_PARAM 0.00241214  964.917  0.00240685  4.24394e-08
PARAM_ERR 7.58261e-06  356.698  9.95933e-06  5.02588e-09
HV  600
FIT_PARAM 0.00144592  1681.95  0.00144621  2.49427e-08
PARAM_ERR 3.46023e-06  304.664  3.47524e-06  1.93016e-09
HV  800
FIT_PARAM 0.000277785  1073.57  0.000277785  0.5
PARAM_ERR 1.15492e-06  10.1551  1.15492e-06  2
HV  1000
FIT_PARAM 8.53852e-05  2951.96  8.51953e-05  0.185407
PARAM_ERR 4.52378e-07  63.0522  5.06527e-06  0.0112191
HV  1100
FIT_PARAM 5.26117e-05  4712.7  5.23468e-05  0.00703085
PARAM_ERR 3.48105e-07  64.0529  2.16659e-07  1.19776
