AQ7959
ND_CONV00-05  0.2  1.05993
ND_CONV05-15  0.038  1.05102
Initial_value_saturation_point  800
PARAM  linear_slope  comb_satu_point  comb_slope  comb_2nd_coef
HV  375
FIT_PARAM 0.0339874  85.8839  0.0334643  1.01325e-06
PARAM_ERR 8.48169e-05  118.906  0.0001917  1.06133e-07
HV  400
FIT_PARAM 0.0223738  91.1284  0.0220028  5.8661e-07
PARAM_ERR 5.79586e-05  122.343  0.000125657  4.484e-08
HV  425
FIT_PARAM 0.0152547  215.492  0.0150287  3.42917e-07
PARAM_ERR 4.01133e-05  188.678  8.68196e-05  2.47405e-08
HV  450
FIT_PARAM 0.0106064  200.946  0.0104719  2.1367e-07
PARAM_ERR 3.14818e-05  197.476  6.19461e-05  1.16908e-08
HV  475
FIT_PARAM 0.00762841  359.674  0.00757733  1.3197e-07
PARAM_ERR 1.51575e-05  194.401  2.67004e-05  6.47678e-09
HV  500
FIT_PARAM 0.00557283  2.10117e-05  0.00549314  8.66361e-08
PARAM_ERR 1.17252e-05  141.636  2.70964e-05  2.55587e-09
HV  550
FIT_PARAM 0.00315068  37.3596  0.0031149  3.65291e-08
PARAM_ERR 8.31354e-06  162.947  1.47616e-05  3.78076e-09
HV  600
FIT_PARAM 0.00188128  0.00219195  0.00187274  1.74797e-08
PARAM_ERR 4.35004e-06  100.869  5.57307e-06  1.18322e-09
HV  800
FIT_PARAM 0.000364389  800  0.000364389  0.5
PARAM_ERR 1.48044e-06  5.1058  1.48044e-06  1.41421
HV  1000
FIT_PARAM 0.000111739  841.225  0.000111327  2.03914e-09
PARAM_ERR 4.79828e-07  476.82  6.1156e-07  1.90725e-09
HV  1100
FIT_PARAM 6.93029e-05  3620.63  6.9597e-05  0.0353148
PARAM_ERR 4.036e-07  49.6533  2.87033e-07  13.6331
