AQ6913
ND_CONV00-05  0.2  1.26673
ND_CONV05-15  0.038  1.02294
Initial_value_saturation_point  700
PARAM  linear_slope  comb_satu_point  comb_slope  comb_2nd_coef
HV  375
FIT_PARAM 0.0392626  -0.000185839  0.0383438  1.36099e-06
PARAM_ERR 9.65619e-05  70.7064  0.000240859  1.29207e-07
HV  400
FIT_PARAM 0.025554  43.5118  0.0249539  8.32239e-07
PARAM_ERR 6.52702e-05  192.433  0.000268953  9.45638e-08
HV  425
FIT_PARAM 0.0172629  -0.00370253  0.0167928  5.22294e-07
PARAM_ERR 4.57657e-05  98.5629  0.000128608  5.82085e-08
HV  450
FIT_PARAM 0  0  0  0
PARAM_ERR 0  0  0  0
HV  475
FIT_PARAM 0.00843396  661.506  0.00839729  1.97756e-07
PARAM_ERR 1.71743e-05  174.485  2.4253e-05  1.06339e-08
HV  500
FIT_PARAM 0.00611035  652.215  0.0060786  1.30832e-07
PARAM_ERR 1.3446e-05  197.654  2.0775e-05  5.56815e-09
HV  550
FIT_PARAM 0.00339557  209.162  0.00337334  3.97315e-08
PARAM_ERR 1.02053e-05  508.212  2.56889e-05  5.25246e-09
HV  600
FIT_PARAM 0.00199369  512.776  0.00199144  2.14257e-08
PARAM_ERR 4.44998e-06  283.106  4.97887e-06  1.77333e-09
HV  800
FIT_PARAM 0.000365204  0.00483642  0.000355616  1.77672e-08
PARAM_ERR 1.65174e-06  164.354  7.19867e-06  7.31094e-09
HV  1000
FIT_PARAM 0.000106403  2859.43  0.000106729  0.00487214
PARAM_ERR 5.67069e-07  55.3513  4.50502e-07  0.846023
HV  1100
FIT_PARAM 6.43898e-05  4729.71  6.46469e-05  0.0346839
PARAM_ERR 3.94936e-07  47.4304  2.69523e-07  12.8829
