AQ7031
ND_CONV00-05  0.2  0.980789
ND_CONV05-15  0.038  1.07488
Initial_value_saturation_point  1000
PARAM  linear_slope  comb_satu_point  comb_slope  comb_2nd_coef
HV  375
FIT_PARAM 0.0469716  0.000591408  0.04633  9.20293e-07
PARAM_ERR 0.000112532  289.755  0.000561712  1.86646e-07
HV  400
FIT_PARAM 0.0305965  565.726  0.0304871  6.96148e-07
PARAM_ERR 7.69485e-05  270.703  9.9985e-05  1.87368e-07
HV  425
FIT_PARAM 0.0205537  200.154  0.0203887  3.18778e-07
PARAM_ERR 5.34656e-05  1000.18  0.000341042  1.01537e-07
HV  450
FIT_PARAM 0.0142525  592.497  0.0141966  2.07308e-07
PARAM_ERR 4.07778e-05  344.543  5.93044e-05  2.9472e-08
HV  475
FIT_PARAM 0.0100376  470.633  0.0100022  1.35828e-07
PARAM_ERR 1.97609e-05  243.838  2.84205e-05  1.14185e-08
HV  500
FIT_PARAM 0.00728858  937.969  0.00727662  9.54458e-08
PARAM_ERR 1.49584e-05  308.681  1.83262e-05  7.69032e-09
HV  550
FIT_PARAM 0.00403098  179.59  0.00401863  1.95255e-08
PARAM_ERR 1.09982e-05  633.127  1.93359e-05  7.48973e-09
HV  600
FIT_PARAM 0.00237954  1928.43  0.00237964  1.71558e-08
PARAM_ERR 5.66815e-06  1011.3  5.40307e-06  7.65372e-09
HV  800
FIT_PARAM 0.000433387  1078.28  0.000433387  0.5
PARAM_ERR 1.93308e-06  30.4592  1.93308e-06  2
HV  1000
FIT_PARAM 0.000125583  1471.12  0.000125826  -1.2932e-08
PARAM_ERR 5.56818e-07  691.91  6.59409e-07  4.77867e-08
HV  1100
FIT_PARAM 7.59442e-05  3122.27  7.58049e-05  0.246082
PARAM_ERR 4.76941e-07  66.6466  3.47418e-07  117.204
