AQ5993
ND_CONV00-05  0.2  0.977194
ND_CONV05-15  0.038  0.746054
Initial_value_saturation_point  800
PARAM  linear_slope  comb_satu_point  comb_slope  comb_2nd_coef
HV  375
FIT_PARAM 0.0368881  314.292  0.036387  1.57123e-06
PARAM_ERR 9.72142e-05  119.174  0.000159452  2.05463e-07
HV  400
FIT_PARAM 0.0239654  353.876  0.0237191  8.03936e-07
PARAM_ERR 6.75829e-05  159.344  0.000118536  8.35602e-08
HV  425
FIT_PARAM 0.016196  311.362  0.0159291  4.40451e-07
PARAM_ERR 4.56736e-05  256.465  0.000125684  3.81377e-08
HV  450
FIT_PARAM 0.0111891  658.687  0.0111076  2.76023e-07
PARAM_ERR 3.63335e-05  236.55  5.79765e-05  2.04141e-08
HV  475
FIT_PARAM 0.00795236  921.857  0.00793398  1.80745e-07
PARAM_ERR 1.70893e-05  169.545  2.02497e-05  9.6153e-09
HV  500
FIT_PARAM 0.00577443  1230.44  0.00577117  1.23531e-07
PARAM_ERR 1.33024e-05  195.021  1.46486e-05  5.70167e-09
HV  550
FIT_PARAM 0.00323508  786.893  0.00322286  4.62339e-08
PARAM_ERR 9.47381e-06  434.614  1.31923e-05  9.74557e-09
HV  600
FIT_PARAM 0.00191493  830.677  0.00191559  1.79968e-08
PARAM_ERR 4.79102e-06  393.426  5.10579e-06  2.50682e-09
HV  800
FIT_PARAM 0.000368144  800  0.000368144  0.5
PARAM_ERR 1.56537e-06  6.07904  1.56537e-06  0.212132
HV  1000
FIT_PARAM 0.000112573  1501.39  0.000112618  0.293993
PARAM_ERR 4.51659e-07  1.41375  4.80431e-07  1.41421
HV  1100
FIT_PARAM 6.94384e-05  2393.44  6.95255e-05  0.0852028
PARAM_ERR 3.35665e-07  26.1202  2.93783e-07  22.5555
