AQ4654
ND_CONV00-05  0.2  1.4104
ND_CONV05-15  0.038  0.97878
Initial_value_saturation_point  800
PARAM  linear_slope  comb_satu_point  comb_slope  comb_2nd_coef
HV  375
FIT_PARAM 0.0338445  190.156  0.0333306  1.34144e-06
PARAM_ERR 8.73318e-05  137.947  0.000187888  1.55663e-07
HV  400
FIT_PARAM 0.022305  271.668  0.0220017  7.7997e-07
PARAM_ERR 5.98841e-05  157.594  0.000123487  7.06844e-08
HV  425
FIT_PARAM 0.0152372  437.56  0.0150226  4.96271e-07
PARAM_ERR 4.22347e-05  165.86  7.60304e-05  3.60967e-08
HV  450
FIT_PARAM 0.0106545  749.69  0.0105705  3.21878e-07
PARAM_ERR 3.34905e-05  195.2  4.97398e-05  2.08189e-08
HV  475
FIT_PARAM 0.00768595  1019.48  0.00767604  2.07243e-07
PARAM_ERR 1.58347e-05  147.798  1.82543e-05  1.00025e-08
HV  500
FIT_PARAM 0.00563013  1332.02  0.0056269  1.46823e-07
PARAM_ERR 1.21836e-05  165.737  1.37628e-05  6.09859e-09
HV  550
FIT_PARAM 0.00318374  877.668  0.00317476  5.69257e-08
PARAM_ERR 9.62286e-06  298.988  1.22381e-05  5.98697e-09
HV  600
FIT_PARAM 0.00190384  1144.03  0.00190335  2.97463e-08
PARAM_ERR 4.61339e-06  279.955  4.91709e-06  2.10374e-09
HV  800
FIT_PARAM 0.000366734  814.867  0.000366599  7.96436e-07
PARAM_ERR 1.46653e-06  1227.32  1.55868e-06  5.53962e-05
HV  1000
FIT_PARAM 0.000111437  2821.28  0.000111362  0.160545
PARAM_ERR 6.19647e-07  104.259  4.08122e-07  9.52421
HV  1100
FIT_PARAM 6.8737e-05  4497.56  6.89718e-05  0.999959
PARAM_ERR 4.34343e-07  1.42493  2.78657e-07  1.41513
