AQ6929
ND_CONV00-05  0.2  1.82753
ND_CONV05-15  0.038  1.18891
Initial_value_saturation_point  1000
PARAM  linear_slope  comb_satu_point  comb_slope  comb_2nd_coef
HV  375
FIT_PARAM 0.0452562  41.966  0.0444784  1.26095e-06
PARAM_ERR 0.000109311  139.651  0.000317484  1.81e-07
HV  400
FIT_PARAM 0.0293587  1896.13  0.0294167  4.41997e-06
PARAM_ERR 7.67063e-05  1  190.883  190.883
HV  425
FIT_PARAM 0.0197383  0.000832575  0.0193535  4.43083e-07
PARAM_ERR 5.36598e-05  298.238  0.000273802  3.46834e-08
HV  450
FIT_PARAM 0.0135837  -9.21008e-05  0.0133317  2.74103e-07
PARAM_ERR 4.15283e-05  136.693  8.89363e-05  1.67904e-08
HV  475
FIT_PARAM 0.00964709  505.942  0.00959751  1.83262e-07
PARAM_ERR 2.01505e-05  206.971  3.30608e-05  1.24818e-08
HV  500
FIT_PARAM 0.00697946  829.607  0.0069622  1.26987e-07
PARAM_ERR 1.52279e-05  231.824  2.13481e-05  7.61119e-09
HV  550
FIT_PARAM 0.00385672  134.227  0.0038221  4.49859e-08
PARAM_ERR 1.17734e-05  289.891  2.274e-05  3.66281e-09
HV  600
FIT_PARAM 0.00226229  892.369  0.00226061  2.59716e-08
PARAM_ERR 5.12582e-06  312.133  5.58855e-06  1.89969e-09
HV  800
FIT_PARAM 0.000417693  909.583  0.000418193  -4.66926e-08
PARAM_ERR 1.57471e-06  280.631  1.78161e-06  1.24315e-07
HV  1000
FIT_PARAM 0.00012341  3992.23  0.000123925  0.1264
PARAM_ERR 6.50266e-07  209.679  47.5814  2.45036
HV  1100
FIT_PARAM 7.58285e-05  6378.55  7.64136e-05  0.0553996
PARAM_ERR 5.2582e-07  42.0232  1.03997  1
