The system is: Linux - 2.6.18-164.6.1.el5 - x86_64
Compiling the C compiler identification source file "CMakeCCompilerId.c" succeeded.
Compiler: /ccj/w/r01/RHICf/linux5/local/gcc-4.9.2/bin/gcc-4.9.2 
Build flags: 
Id flags: 

The output was:
0


Compilation of the C compiler identification source "CMakeCCompilerId.c" produced "a.out"

The C compiler identification is GNU, found in "/ccj/u/satoken/RHICf/convertor/build/CMakeFiles/3.7.0-rc2/CompilerIdC/a.out"

Compiling the CXX compiler identification source file "CMakeCXXCompilerId.cpp" succeeded.
Compiler: /ccj/w/r01/RHICf/linux5/local/gcc-4.9.2/bin/c++-4.9.2 
Build flags: 
Id flags: 

The output was:
0


Compilation of the CXX compiler identification source "CMakeCXXCompilerId.cpp" produced "a.out"

The CXX compiler identification is GNU, found in "/ccj/u/satoken/RHICf/convertor/build/CMakeFiles/3.7.0-rc2/CompilerIdCXX/a.out"

Determining if the C compiler works passed with the following output:
Change Dir: /ccj/u/satoken/RHICf/convertor/build/CMakeFiles/CMakeTmp

Run Build Command:"/usr/bin/gmake" "cmTC_c57ae/fast"
/usr/bin/gmake -f CMakeFiles/cmTC_c57ae.dir/build.make CMakeFiles/cmTC_c57ae.dir/build
gmake[1]: Entering directory `/ccj/u/satoken/RHICf/convertor/build/CMakeFiles/CMakeTmp'
Building C object CMakeFiles/cmTC_c57ae.dir/testCCompiler.c.o
/ccj/w/r01/RHICf/linux5/local/gcc-4.9.2/bin/gcc-4.9.2     -o CMakeFiles/cmTC_c57ae.dir/testCCompiler.c.o   -c /ccj/u/satoken/RHICf/convertor/build/CMakeFiles/CMakeTmp/testCCompiler.c
Linking C executable cmTC_c57ae
/direct/r01/RHICf/linux5/local/cmake-3.7.0-rc2/bin/cmake -E cmake_link_script CMakeFiles/cmTC_c57ae.dir/link.txt --verbose=1
/ccj/w/r01/RHICf/linux5/local/gcc-4.9.2/bin/gcc-4.9.2       CMakeFiles/cmTC_c57ae.dir/testCCompiler.c.o  -o cmTC_c57ae -rdynamic 
gmake[1]: Leaving directory `/ccj/u/satoken/RHICf/convertor/build/CMakeFiles/CMakeTmp'


Detecting C compiler ABI info compiled with the following output:
Change Dir: /ccj/u/satoken/RHICf/convertor/build/CMakeFiles/CMakeTmp

Run Build Command:"/usr/bin/gmake" "cmTC_59bdc/fast"
/usr/bin/gmake -f CMakeFiles/cmTC_59bdc.dir/build.make CMakeFiles/cmTC_59bdc.dir/build
gmake[1]: Entering directory `/ccj/u/satoken/RHICf/convertor/build/CMakeFiles/CMakeTmp'
Building C object CMakeFiles/cmTC_59bdc.dir/CMakeCCompilerABI.c.o
/ccj/w/r01/RHICf/linux5/local/gcc-4.9.2/bin/gcc-4.9.2     -o CMakeFiles/cmTC_59bdc.dir/CMakeCCompilerABI.c.o   -c /direct/r01/RHICf/linux5/local/cmake-3.7.0-rc2/share/cmake-3.7/Modules/CMakeCCompilerABI.c
Linking C executable cmTC_59bdc
/direct/r01/RHICf/linux5/local/cmake-3.7.0-rc2/bin/cmake -E cmake_link_script CMakeFiles/cmTC_59bdc.dir/link.txt --verbose=1
/ccj/w/r01/RHICf/linux5/local/gcc-4.9.2/bin/gcc-4.9.2      -v CMakeFiles/cmTC_59bdc.dir/CMakeCCompilerABI.c.o  -o cmTC_59bdc -rdynamic  
Using built-in specs.
COLLECT_GCC=/ccj/w/r01/RHICf/linux5/local/gcc-4.9.2/bin/gcc-4.9.2
COLLECT_LTO_WRAPPER=/direct/r01/RHICf/linux5/local/gcc-4.9.2/bin/../libexec/gcc/x86_64-unknown-linux-gnu/4.9.2/lto-wrapper
Target: x86_64-unknown-linux-gnu
Configured with: ./configure --prefix=/ccj/w/r01/RHICf/linux5/local/gcc-4.9.2 --with-mpc=/ccj/w/r01/RHICf/linux5/local/mpc-1.0.3 --with-mpfr=/ccj/w/r01/RHICf/linux5/local/mpfr-3.1.4 --with-gmp=/ccj/w/r01/RHICf/linux5/local/gmp-6.1.1 --with-cloog=/ccj/w/r01/RHICf/linux5/local/cloog-0.18.4 --with-isl=/ccj/w/r01/RHICf/linux5/local/isl-0.12.2 --program-suffix=-4.9.2 --enable-languages=c,c++,java,fortran
Thread model: posix
gcc version 4.9.2 (GCC) 
COMPILER_PATH=/direct/r01/RHICf/linux5/local/gcc-4.9.2/bin/../libexec/gcc/x86_64-unknown-linux-gnu/4.9.2/:/direct/r01/RHICf/linux5/local/gcc-4.9.2/bin/../libexec/gcc/
LIBRARY_PATH=/direct/r01/RHICf/linux5/local/gcc-4.9.2/bin/../lib/gcc/x86_64-unknown-linux-gnu/4.9.2/:/direct/r01/RHICf/linux5/local/gcc-4.9.2/bin/../lib/gcc/:/direct/r01/RHICf/linux5/local/gcc-4.9.2/bin/../lib/gcc/x86_64-unknown-linux-gnu/4.9.2/../../../../lib64/:/lib/../lib64/:/usr/lib/../lib64/:/direct/r01/RHICf/linux5/local/gcc-4.9.2/bin/../lib/gcc/x86_64-unknown-linux-gnu/4.9.2/../../../:/lib/:/usr/lib/
COLLECT_GCC_OPTIONS='-v' '-o' 'cmTC_59bdc' '-rdynamic' '-mtune=generic' '-march=x86-64'
 /direct/r01/RHICf/linux5/local/gcc-4.9.2/bin/../libexec/gcc/x86_64-unknown-linux-gnu/4.9.2/collect2 --eh-frame-hdr -m elf_x86_64 -export-dynamic -dynamic-linker /lib64/ld-linux-x86-64.so.2 -o cmTC_59bdc /usr/lib/../lib64/crt1.o /usr/lib/../lib64/crti.o /direct/r01/RHICf/linux5/local/gcc-4.9.2/bin/../lib/gcc/x86_64-unknown-linux-gnu/4.9.2/crtbegin.o -L/direct/r01/RHICf/linux5/local/gcc-4.9.2/bin/../lib/gcc/x86_64-unknown-linux-gnu/4.9.2 -L/direct/r01/RHICf/linux5/local/gcc-4.9.2/bin/../lib/gcc -L/direct/r01/RHICf/linux5/local/gcc-4.9.2/bin/../lib/gcc/x86_64-unknown-linux-gnu/4.9.2/../../../../lib64 -L/lib/../lib64 -L/usr/lib/../lib64 -L/direct/r01/RHICf/linux5/local/gcc-4.9.2/bin/../lib/gcc/x86_64-unknown-linux-gnu/4.9.2/../../.. CMakeFiles/cmTC_59bdc.dir/CMakeCCompilerABI.c.o -lgcc --as-needed -lgcc_s --no-as-needed -lc -lgcc --as-needed -lgcc_s --no-as-needed /direct/r01/RHICf/linux5/local/gcc-4.9.2/bin/../lib/gcc/x86_64-unknown-linux-gnu/4.9.2/crtend.o /usr/lib/../lib64/crtn.o
gmake[1]: Leaving directory `/ccj/u/satoken/RHICf/convertor/build/CMakeFiles/CMakeTmp'


Parsed C implicit link information from above output:
  link line regex: [^( *|.*[/\])(ld|([^/\]+-)?ld|collect2)[^/\]*( |$)]
  ignore line: [Change Dir: /ccj/u/satoken/RHICf/convertor/build/CMakeFiles/CMakeTmp]
  ignore line: []
  ignore line: [Run Build Command:"/usr/bin/gmake" "cmTC_59bdc/fast"]
  ignore line: [/usr/bin/gmake -f CMakeFiles/cmTC_59bdc.dir/build.make CMakeFiles/cmTC_59bdc.dir/build]
  ignore line: [gmake[1]: Entering directory `/ccj/u/satoken/RHICf/convertor/build/CMakeFiles/CMakeTmp']
  ignore line: [Building C object CMakeFiles/cmTC_59bdc.dir/CMakeCCompilerABI.c.o]
  ignore line: [/ccj/w/r01/RHICf/linux5/local/gcc-4.9.2/bin/gcc-4.9.2     -o CMakeFiles/cmTC_59bdc.dir/CMakeCCompilerABI.c.o   -c /direct/r01/RHICf/linux5/local/cmake-3.7.0-rc2/share/cmake-3.7/Modules/CMakeCCompilerABI.c]
  ignore line: [Linking C executable cmTC_59bdc]
  ignore line: [/direct/r01/RHICf/linux5/local/cmake-3.7.0-rc2/bin/cmake -E cmake_link_script CMakeFiles/cmTC_59bdc.dir/link.txt --verbose=1]
  ignore line: [/ccj/w/r01/RHICf/linux5/local/gcc-4.9.2/bin/gcc-4.9.2      -v CMakeFiles/cmTC_59bdc.dir/CMakeCCompilerABI.c.o  -o cmTC_59bdc -rdynamic  ]
  ignore line: [Using built-in specs.]
  ignore line: [COLLECT_GCC=/ccj/w/r01/RHICf/linux5/local/gcc-4.9.2/bin/gcc-4.9.2]
  ignore line: [COLLECT_LTO_WRAPPER=/direct/r01/RHICf/linux5/local/gcc-4.9.2/bin/../libexec/gcc/x86_64-unknown-linux-gnu/4.9.2/lto-wrapper]
  ignore line: [Target: x86_64-unknown-linux-gnu]
  ignore line: [Configured with: ./configure --prefix=/ccj/w/r01/RHICf/linux5/local/gcc-4.9.2 --with-mpc=/ccj/w/r01/RHICf/linux5/local/mpc-1.0.3 --with-mpfr=/ccj/w/r01/RHICf/linux5/local/mpfr-3.1.4 --with-gmp=/ccj/w/r01/RHICf/linux5/local/gmp-6.1.1 --with-cloog=/ccj/w/r01/RHICf/linux5/local/cloog-0.18.4 --with-isl=/ccj/w/r01/RHICf/linux5/local/isl-0.12.2 --program-suffix=-4.9.2 --enable-languages=c,c++,java,fortran]
  ignore line: [Thread model: posix]
  ignore line: [gcc version 4.9.2 (GCC) ]
  ignore line: [COMPILER_PATH=/direct/r01/RHICf/linux5/local/gcc-4.9.2/bin/../libexec/gcc/x86_64-unknown-linux-gnu/4.9.2/:/direct/r01/RHICf/linux5/local/gcc-4.9.2/bin/../libexec/gcc/]
  ignore line: [LIBRARY_PATH=/direct/r01/RHICf/linux5/local/gcc-4.9.2/bin/../lib/gcc/x86_64-unknown-linux-gnu/4.9.2/:/direct/r01/RHICf/linux5/local/gcc-4.9.2/bin/../lib/gcc/:/direct/r01/RHICf/linux5/local/gcc-4.9.2/bin/../lib/gcc/x86_64-unknown-linux-gnu/4.9.2/../../../../lib64/:/lib/../lib64/:/usr/lib/../lib64/:/direct/r01/RHICf/linux5/local/gcc-4.9.2/bin/../lib/gcc/x86_64-unknown-linux-gnu/4.9.2/../../../:/lib/:/usr/lib/]
  ignore line: [COLLECT_GCC_OPTIONS='-v' '-o' 'cmTC_59bdc' '-rdynamic' '-mtune=generic' '-march=x86-64']
  link line: [ /direct/r01/RHICf/linux5/local/gcc-4.9.2/bin/../libexec/gcc/x86_64-unknown-linux-gnu/4.9.2/collect2 --eh-frame-hdr -m elf_x86_64 -export-dynamic -dynamic-linker /lib64/ld-linux-x86-64.so.2 -o cmTC_59bdc /usr/lib/../lib64/crt1.o /usr/lib/../lib64/crti.o /direct/r01/RHICf/linux5/local/gcc-4.9.2/bin/../lib/gcc/x86_64-unknown-linux-gnu/4.9.2/crtbegin.o -L/direct/r01/RHICf/linux5/local/gcc-4.9.2/bin/../lib/gcc/x86_64-unknown-linux-gnu/4.9.2 -L/direct/r01/RHICf/linux5/local/gcc-4.9.2/bin/../lib/gcc -L/direct/r01/RHICf/linux5/local/gcc-4.9.2/bin/../lib/gcc/x86_64-unknown-linux-gnu/4.9.2/../../../../lib64 -L/lib/../lib64 -L/usr/lib/../lib64 -L/direct/r01/RHICf/linux5/local/gcc-4.9.2/bin/../lib/gcc/x86_64-unknown-linux-gnu/4.9.2/../../.. CMakeFiles/cmTC_59bdc.dir/CMakeCCompilerABI.c.o -lgcc --as-needed -lgcc_s --no-as-needed -lc -lgcc --as-needed -lgcc_s --no-as-needed /direct/r01/RHICf/linux5/local/gcc-4.9.2/bin/../lib/gcc/x86_64-unknown-linux-gnu/4.9.2/crtend.o /usr/lib/../lib64/crtn.o]
    arg [/direct/r01/RHICf/linux5/local/gcc-4.9.2/bin/../libexec/gcc/x86_64-unknown-linux-gnu/4.9.2/collect2] ==> ignore
    arg [--eh-frame-hdr] ==> ignore
    arg [-m] ==> ignore
    arg [elf_x86_64] ==> ignore
    arg [-export-dynamic] ==> ignore
    arg [-dynamic-linker] ==> ignore
    arg [/lib64/ld-linux-x86-64.so.2] ==> ignore
    arg [-o] ==> ignore
    arg [cmTC_59bdc] ==> ignore
    arg [/usr/lib/../lib64/crt1.o] ==> ignore
    arg [/usr/lib/../lib64/crti.o] ==> ignore
    arg [/direct/r01/RHICf/linux5/local/gcc-4.9.2/bin/../lib/gcc/x86_64-unknown-linux-gnu/4.9.2/crtbegin.o] ==> ignore
    arg [-L/direct/r01/RHICf/linux5/local/gcc-4.9.2/bin/../lib/gcc/x86_64-unknown-linux-gnu/4.9.2] ==> dir [/direct/r01/RHICf/linux5/local/gcc-4.9.2/bin/../lib/gcc/x86_64-unknown-linux-gnu/4.9.2]
    arg [-L/direct/r01/RHICf/linux5/local/gcc-4.9.2/bin/../lib/gcc] ==> dir [/direct/r01/RHICf/linux5/local/gcc-4.9.2/bin/../lib/gcc]
    arg [-L/direct/r01/RHICf/linux5/local/gcc-4.9.2/bin/../lib/gcc/x86_64-unknown-linux-gnu/4.9.2/../../../../lib64] ==> dir [/direct/r01/RHICf/linux5/local/gcc-4.9.2/bin/../lib/gcc/x86_64-unknown-linux-gnu/4.9.2/../../../../lib64]
    arg [-L/lib/../lib64] ==> dir [/lib/../lib64]
    arg [-L/usr/lib/../lib64] ==> dir [/usr/lib/../lib64]
    arg [-L/direct/r01/RHICf/linux5/local/gcc-4.9.2/bin/../lib/gcc/x86_64-unknown-linux-gnu/4.9.2/../../..] ==> dir [/direct/r01/RHICf/linux5/local/gcc-4.9.2/bin/../lib/gcc/x86_64-unknown-linux-gnu/4.9.2/../../..]
    arg [CMakeFiles/cmTC_59bdc.dir/CMakeCCompilerABI.c.o] ==> ignore
    arg [-lgcc] ==> lib [gcc]
    arg [--as-needed] ==> ignore
    arg [-lgcc_s] ==> lib [gcc_s]
    arg [--no-as-needed] ==> ignore
    arg [-lc] ==> lib [c]
    arg [-lgcc] ==> lib [gcc]
    arg [--as-needed] ==> ignore
    arg [-lgcc_s] ==> lib [gcc_s]
    arg [--no-as-needed] ==> ignore
    arg [/direct/r01/RHICf/linux5/local/gcc-4.9.2/bin/../lib/gcc/x86_64-unknown-linux-gnu/4.9.2/crtend.o] ==> ignore
    arg [/usr/lib/../lib64/crtn.o] ==> ignore
  remove lib [gcc]
  remove lib [gcc_s]
  remove lib [gcc]
  remove lib [gcc_s]
  collapse library dir [/direct/r01/RHICf/linux5/local/gcc-4.9.2/bin/../lib/gcc/x86_64-unknown-linux-gnu/4.9.2] ==> [/direct/r01/RHICf/linux5/local/gcc-4.9.2/lib/gcc/x86_64-unknown-linux-gnu/4.9.2]
  collapse library dir [/direct/r01/RHICf/linux5/local/gcc-4.9.2/bin/../lib/gcc] ==> [/direct/r01/RHICf/linux5/local/gcc-4.9.2/lib/gcc]
  collapse library dir [/direct/r01/RHICf/linux5/local/gcc-4.9.2/bin/../lib/gcc/x86_64-unknown-linux-gnu/4.9.2/../../../../lib64] ==> [/direct/r01/RHICf/linux5/local/gcc-4.9.2/lib64]
  collapse library dir [/lib/../lib64] ==> [/lib64]
  collapse library dir [/usr/lib/../lib64] ==> [/usr/lib64]
  collapse library dir [/direct/r01/RHICf/linux5/local/gcc-4.9.2/bin/../lib/gcc/x86_64-unknown-linux-gnu/4.9.2/../../..] ==> [/direct/r01/RHICf/linux5/local/gcc-4.9.2/lib]
  implicit libs: [c]
  implicit dirs: [/direct/r01/RHICf/linux5/local/gcc-4.9.2/lib/gcc/x86_64-unknown-linux-gnu/4.9.2;/direct/r01/RHICf/linux5/local/gcc-4.9.2/lib/gcc;/direct/r01/RHICf/linux5/local/gcc-4.9.2/lib64;/lib64;/usr/lib64;/direct/r01/RHICf/linux5/local/gcc-4.9.2/lib]
  implicit fwks: []




Detecting C [-std=c11] compiler features compiled with the following output:
Change Dir: /ccj/u/satoken/RHICf/convertor/build/CMakeFiles/CMakeTmp

Run Build Command:"/usr/bin/gmake" "cmTC_db0f7/fast"
/usr/bin/gmake -f CMakeFiles/cmTC_db0f7.dir/build.make CMakeFiles/cmTC_db0f7.dir/build
gmake[1]: Entering directory `/ccj/u/satoken/RHICf/convertor/build/CMakeFiles/CMakeTmp'
Building C object CMakeFiles/cmTC_db0f7.dir/feature_tests.c.o
/ccj/w/r01/RHICf/linux5/local/gcc-4.9.2/bin/gcc-4.9.2    -std=c11 -o CMakeFiles/cmTC_db0f7.dir/feature_tests.c.o   -c /ccj/u/satoken/RHICf/convertor/build/CMakeFiles/feature_tests.c
Linking C executable cmTC_db0f7
/direct/r01/RHICf/linux5/local/cmake-3.7.0-rc2/bin/cmake -E cmake_link_script CMakeFiles/cmTC_db0f7.dir/link.txt --verbose=1
/ccj/w/r01/RHICf/linux5/local/gcc-4.9.2/bin/gcc-4.9.2       CMakeFiles/cmTC_db0f7.dir/feature_tests.c.o  -o cmTC_db0f7 -rdynamic 
gmake[1]: Leaving directory `/ccj/u/satoken/RHICf/convertor/build/CMakeFiles/CMakeTmp'


    Feature record: C_FEATURE:1c_function_prototypes
    Feature record: C_FEATURE:1c_restrict
    Feature record: C_FEATURE:1c_static_assert
    Feature record: C_FEATURE:1c_variadic_macros


Detecting C [-std=c99] compiler features compiled with the following output:
Change Dir: /ccj/u/satoken/RHICf/convertor/build/CMakeFiles/CMakeTmp

Run Build Command:"/usr/bin/gmake" "cmTC_26b57/fast"
/usr/bin/gmake -f CMakeFiles/cmTC_26b57.dir/build.make CMakeFiles/cmTC_26b57.dir/build
gmake[1]: Entering directory `/ccj/u/satoken/RHICf/convertor/build/CMakeFiles/CMakeTmp'
Building C object CMakeFiles/cmTC_26b57.dir/feature_tests.c.o
/ccj/w/r01/RHICf/linux5/local/gcc-4.9.2/bin/gcc-4.9.2    -std=c99 -o CMakeFiles/cmTC_26b57.dir/feature_tests.c.o   -c /ccj/u/satoken/RHICf/convertor/build/CMakeFiles/feature_tests.c
Linking C executable cmTC_26b57
/direct/r01/RHICf/linux5/local/cmake-3.7.0-rc2/bin/cmake -E cmake_link_script CMakeFiles/cmTC_26b57.dir/link.txt --verbose=1
/ccj/w/r01/RHICf/linux5/local/gcc-4.9.2/bin/gcc-4.9.2       CMakeFiles/cmTC_26b57.dir/feature_tests.c.o  -o cmTC_26b57 -rdynamic 
gmake[1]: Leaving directory `/ccj/u/satoken/RHICf/convertor/build/CMakeFiles/CMakeTmp'


    Feature record: C_FEATURE:1c_function_prototypes
    Feature record: C_FEATURE:1c_restrict
    Feature record: C_FEATURE:0c_static_assert
    Feature record: C_FEATURE:1c_variadic_macros


Detecting C [-std=c90] compiler features compiled with the following output:
Change Dir: /ccj/u/satoken/RHICf/convertor/build/CMakeFiles/CMakeTmp

Run Build Command:"/usr/bin/gmake" "cmTC_3f23b/fast"
/usr/bin/gmake -f CMakeFiles/cmTC_3f23b.dir/build.make CMakeFiles/cmTC_3f23b.dir/build
gmake[1]: Entering directory `/ccj/u/satoken/RHICf/convertor/build/CMakeFiles/CMakeTmp'
Building C object CMakeFiles/cmTC_3f23b.dir/feature_tests.c.o
/ccj/w/r01/RHICf/linux5/local/gcc-4.9.2/bin/gcc-4.9.2    -std=c90 -o CMakeFiles/cmTC_3f23b.dir/feature_tests.c.o   -c /ccj/u/satoken/RHICf/convertor/build/CMakeFiles/feature_tests.c
Linking C executable cmTC_3f23b
/direct/r01/RHICf/linux5/local/cmake-3.7.0-rc2/bin/cmake -E cmake_link_script CMakeFiles/cmTC_3f23b.dir/link.txt --verbose=1
/ccj/w/r01/RHICf/linux5/local/gcc-4.9.2/bin/gcc-4.9.2       CMakeFiles/cmTC_3f23b.dir/feature_tests.c.o  -o cmTC_3f23b -rdynamic 
gmake[1]: Leaving directory `/ccj/u/satoken/RHICf/convertor/build/CMakeFiles/CMakeTmp'


    Feature record: C_FEATURE:1c_function_prototypes
    Feature record: C_FEATURE:0c_restrict
    Feature record: C_FEATURE:0c_static_assert
    Feature record: C_FEATURE:0c_variadic_macros
Determining if the CXX compiler works passed with the following output:
Change Dir: /ccj/u/satoken/RHICf/convertor/build/CMakeFiles/CMakeTmp

Run Build Command:"/usr/bin/gmake" "cmTC_9f28f/fast"
/usr/bin/gmake -f CMakeFiles/cmTC_9f28f.dir/build.make CMakeFiles/cmTC_9f28f.dir/build
gmake[1]: Entering directory `/ccj/u/satoken/RHICf/convertor/build/CMakeFiles/CMakeTmp'
Building CXX object CMakeFiles/cmTC_9f28f.dir/testCXXCompiler.cxx.o
/ccj/w/r01/RHICf/linux5/local/gcc-4.9.2/bin/c++-4.9.2      -o CMakeFiles/cmTC_9f28f.dir/testCXXCompiler.cxx.o -c /ccj/u/satoken/RHICf/convertor/build/CMakeFiles/CMakeTmp/testCXXCompiler.cxx
Linking CXX executable cmTC_9f28f
/direct/r01/RHICf/linux5/local/cmake-3.7.0-rc2/bin/cmake -E cmake_link_script CMakeFiles/cmTC_9f28f.dir/link.txt --verbose=1
/ccj/w/r01/RHICf/linux5/local/gcc-4.9.2/bin/c++-4.9.2        CMakeFiles/cmTC_9f28f.dir/testCXXCompiler.cxx.o  -o cmTC_9f28f -rdynamic 
gmake[1]: Leaving directory `/ccj/u/satoken/RHICf/convertor/build/CMakeFiles/CMakeTmp'


Detecting CXX compiler ABI info compiled with the following output:
Change Dir: /ccj/u/satoken/RHICf/convertor/build/CMakeFiles/CMakeTmp

Run Build Command:"/usr/bin/gmake" "cmTC_a7ced/fast"
/usr/bin/gmake -f CMakeFiles/cmTC_a7ced.dir/build.make CMakeFiles/cmTC_a7ced.dir/build
gmake[1]: Entering directory `/ccj/u/satoken/RHICf/convertor/build/CMakeFiles/CMakeTmp'
Building CXX object CMakeFiles/cmTC_a7ced.dir/CMakeCXXCompilerABI.cpp.o
/ccj/w/r01/RHICf/linux5/local/gcc-4.9.2/bin/c++-4.9.2      -o CMakeFiles/cmTC_a7ced.dir/CMakeCXXCompilerABI.cpp.o -c /direct/r01/RHICf/linux5/local/cmake-3.7.0-rc2/share/cmake-3.7/Modules/CMakeCXXCompilerABI.cpp
Linking CXX executable cmTC_a7ced
/direct/r01/RHICf/linux5/local/cmake-3.7.0-rc2/bin/cmake -E cmake_link_script CMakeFiles/cmTC_a7ced.dir/link.txt --verbose=1
/ccj/w/r01/RHICf/linux5/local/gcc-4.9.2/bin/c++-4.9.2       -v CMakeFiles/cmTC_a7ced.dir/CMakeCXXCompilerABI.cpp.o  -o cmTC_a7ced -rdynamic  
Using built-in specs.
COLLECT_GCC=/ccj/w/r01/RHICf/linux5/local/gcc-4.9.2/bin/c++-4.9.2
COLLECT_LTO_WRAPPER=/direct/r01/RHICf/linux5/local/gcc-4.9.2/bin/../libexec/gcc/x86_64-unknown-linux-gnu/4.9.2/lto-wrapper
Target: x86_64-unknown-linux-gnu
Configured with: ./configure --prefix=/ccj/w/r01/RHICf/linux5/local/gcc-4.9.2 --with-mpc=/ccj/w/r01/RHICf/linux5/local/mpc-1.0.3 --with-mpfr=/ccj/w/r01/RHICf/linux5/local/mpfr-3.1.4 --with-gmp=/ccj/w/r01/RHICf/linux5/local/gmp-6.1.1 --with-cloog=/ccj/w/r01/RHICf/linux5/local/cloog-0.18.4 --with-isl=/ccj/w/r01/RHICf/linux5/local/isl-0.12.2 --program-suffix=-4.9.2 --enable-languages=c,c++,java,fortran
Thread model: posix
gcc version 4.9.2 (GCC) 
COMPILER_PATH=/direct/r01/RHICf/linux5/local/gcc-4.9.2/bin/../libexec/gcc/x86_64-unknown-linux-gnu/4.9.2/:/direct/r01/RHICf/linux5/local/gcc-4.9.2/bin/../libexec/gcc/
LIBRARY_PATH=/direct/r01/RHICf/linux5/local/gcc-4.9.2/bin/../lib/gcc/x86_64-unknown-linux-gnu/4.9.2/:/direct/r01/RHICf/linux5/local/gcc-4.9.2/bin/../lib/gcc/:/direct/r01/RHICf/linux5/local/gcc-4.9.2/bin/../lib/gcc/x86_64-unknown-linux-gnu/4.9.2/../../../../lib64/:/lib/../lib64/:/usr/lib/../lib64/:/direct/r01/RHICf/linux5/local/gcc-4.9.2/bin/../lib/gcc/x86_64-unknown-linux-gnu/4.9.2/../../../:/lib/:/usr/lib/
COLLECT_GCC_OPTIONS='-v' '-o' 'cmTC_a7ced' '-rdynamic' '-shared-libgcc' '-mtune=generic' '-march=x86-64'
 /direct/r01/RHICf/linux5/local/gcc-4.9.2/bin/../libexec/gcc/x86_64-unknown-linux-gnu/4.9.2/collect2 --eh-frame-hdr -m elf_x86_64 -export-dynamic -dynamic-linker /lib64/ld-linux-x86-64.so.2 -o cmTC_a7ced /usr/lib/../lib64/crt1.o /usr/lib/../lib64/crti.o /direct/r01/RHICf/linux5/local/gcc-4.9.2/bin/../lib/gcc/x86_64-unknown-linux-gnu/4.9.2/crtbegin.o -L/direct/r01/RHICf/linux5/local/gcc-4.9.2/bin/../lib/gcc/x86_64-unknown-linux-gnu/4.9.2 -L/direct/r01/RHICf/linux5/local/gcc-4.9.2/bin/../lib/gcc -L/direct/r01/RHICf/linux5/local/gcc-4.9.2/bin/../lib/gcc/x86_64-unknown-linux-gnu/4.9.2/../../../../lib64 -L/lib/../lib64 -L/usr/lib/../lib64 -L/direct/r01/RHICf/linux5/local/gcc-4.9.2/bin/../lib/gcc/x86_64-unknown-linux-gnu/4.9.2/../../.. CMakeFiles/cmTC_a7ced.dir/CMakeCXXCompilerABI.cpp.o -lstdc++ -lm -lgcc_s -lgcc -lc -lgcc_s -lgcc /direct/r01/RHICf/linux5/local/gcc-4.9.2/bin/../lib/gcc/x86_64-unknown-linux-gnu/4.9.2/crtend.o /usr/lib/../lib64/crtn.o
gmake[1]: Leaving directory `/ccj/u/satoken/RHICf/convertor/build/CMakeFiles/CMakeTmp'


Parsed CXX implicit link information from above output:
  link line regex: [^( *|.*[/\])(ld|([^/\]+-)?ld|collect2)[^/\]*( |$)]
  ignore line: [Change Dir: /ccj/u/satoken/RHICf/convertor/build/CMakeFiles/CMakeTmp]
  ignore line: []
  ignore line: [Run Build Command:"/usr/bin/gmake" "cmTC_a7ced/fast"]
  ignore line: [/usr/bin/gmake -f CMakeFiles/cmTC_a7ced.dir/build.make CMakeFiles/cmTC_a7ced.dir/build]
  ignore line: [gmake[1]: Entering directory `/ccj/u/satoken/RHICf/convertor/build/CMakeFiles/CMakeTmp']
  ignore line: [Building CXX object CMakeFiles/cmTC_a7ced.dir/CMakeCXXCompilerABI.cpp.o]
  ignore line: [/ccj/w/r01/RHICf/linux5/local/gcc-4.9.2/bin/c++-4.9.2      -o CMakeFiles/cmTC_a7ced.dir/CMakeCXXCompilerABI.cpp.o -c /direct/r01/RHICf/linux5/local/cmake-3.7.0-rc2/share/cmake-3.7/Modules/CMakeCXXCompilerABI.cpp]
  ignore line: [Linking CXX executable cmTC_a7ced]
  ignore line: [/direct/r01/RHICf/linux5/local/cmake-3.7.0-rc2/bin/cmake -E cmake_link_script CMakeFiles/cmTC_a7ced.dir/link.txt --verbose=1]
  ignore line: [/ccj/w/r01/RHICf/linux5/local/gcc-4.9.2/bin/c++-4.9.2       -v CMakeFiles/cmTC_a7ced.dir/CMakeCXXCompilerABI.cpp.o  -o cmTC_a7ced -rdynamic  ]
  ignore line: [Using built-in specs.]
  ignore line: [COLLECT_GCC=/ccj/w/r01/RHICf/linux5/local/gcc-4.9.2/bin/c++-4.9.2]
  ignore line: [COLLECT_LTO_WRAPPER=/direct/r01/RHICf/linux5/local/gcc-4.9.2/bin/../libexec/gcc/x86_64-unknown-linux-gnu/4.9.2/lto-wrapper]
  ignore line: [Target: x86_64-unknown-linux-gnu]
  ignore line: [Configured with: ./configure --prefix=/ccj/w/r01/RHICf/linux5/local/gcc-4.9.2 --with-mpc=/ccj/w/r01/RHICf/linux5/local/mpc-1.0.3 --with-mpfr=/ccj/w/r01/RHICf/linux5/local/mpfr-3.1.4 --with-gmp=/ccj/w/r01/RHICf/linux5/local/gmp-6.1.1 --with-cloog=/ccj/w/r01/RHICf/linux5/local/cloog-0.18.4 --with-isl=/ccj/w/r01/RHICf/linux5/local/isl-0.12.2 --program-suffix=-4.9.2 --enable-languages=c,c++,java,fortran]
  ignore line: [Thread model: posix]
  ignore line: [gcc version 4.9.2 (GCC) ]
  ignore line: [COMPILER_PATH=/direct/r01/RHICf/linux5/local/gcc-4.9.2/bin/../libexec/gcc/x86_64-unknown-linux-gnu/4.9.2/:/direct/r01/RHICf/linux5/local/gcc-4.9.2/bin/../libexec/gcc/]
  ignore line: [LIBRARY_PATH=/direct/r01/RHICf/linux5/local/gcc-4.9.2/bin/../lib/gcc/x86_64-unknown-linux-gnu/4.9.2/:/direct/r01/RHICf/linux5/local/gcc-4.9.2/bin/../lib/gcc/:/direct/r01/RHICf/linux5/local/gcc-4.9.2/bin/../lib/gcc/x86_64-unknown-linux-gnu/4.9.2/../../../../lib64/:/lib/../lib64/:/usr/lib/../lib64/:/direct/r01/RHICf/linux5/local/gcc-4.9.2/bin/../lib/gcc/x86_64-unknown-linux-gnu/4.9.2/../../../:/lib/:/usr/lib/]
  ignore line: [COLLECT_GCC_OPTIONS='-v' '-o' 'cmTC_a7ced' '-rdynamic' '-shared-libgcc' '-mtune=generic' '-march=x86-64']
  link line: [ /direct/r01/RHICf/linux5/local/gcc-4.9.2/bin/../libexec/gcc/x86_64-unknown-linux-gnu/4.9.2/collect2 --eh-frame-hdr -m elf_x86_64 -export-dynamic -dynamic-linker /lib64/ld-linux-x86-64.so.2 -o cmTC_a7ced /usr/lib/../lib64/crt1.o /usr/lib/../lib64/crti.o /direct/r01/RHICf/linux5/local/gcc-4.9.2/bin/../lib/gcc/x86_64-unknown-linux-gnu/4.9.2/crtbegin.o -L/direct/r01/RHICf/linux5/local/gcc-4.9.2/bin/../lib/gcc/x86_64-unknown-linux-gnu/4.9.2 -L/direct/r01/RHICf/linux5/local/gcc-4.9.2/bin/../lib/gcc -L/direct/r01/RHICf/linux5/local/gcc-4.9.2/bin/../lib/gcc/x86_64-unknown-linux-gnu/4.9.2/../../../../lib64 -L/lib/../lib64 -L/usr/lib/../lib64 -L/direct/r01/RHICf/linux5/local/gcc-4.9.2/bin/../lib/gcc/x86_64-unknown-linux-gnu/4.9.2/../../.. CMakeFiles/cmTC_a7ced.dir/CMakeCXXCompilerABI.cpp.o -lstdc++ -lm -lgcc_s -lgcc -lc -lgcc_s -lgcc /direct/r01/RHICf/linux5/local/gcc-4.9.2/bin/../lib/gcc/x86_64-unknown-linux-gnu/4.9.2/crtend.o /usr/lib/../lib64/crtn.o]
    arg [/direct/r01/RHICf/linux5/local/gcc-4.9.2/bin/../libexec/gcc/x86_64-unknown-linux-gnu/4.9.2/collect2] ==> ignore
    arg [--eh-frame-hdr] ==> ignore
    arg [-m] ==> ignore
    arg [elf_x86_64] ==> ignore
    arg [-export-dynamic] ==> ignore
    arg [-dynamic-linker] ==> ignore
    arg [/lib64/ld-linux-x86-64.so.2] ==> ignore
    arg [-o] ==> ignore
    arg [cmTC_a7ced] ==> ignore
    arg [/usr/lib/../lib64/crt1.o] ==> ignore
    arg [/usr/lib/../lib64/crti.o] ==> ignore
    arg [/direct/r01/RHICf/linux5/local/gcc-4.9.2/bin/../lib/gcc/x86_64-unknown-linux-gnu/4.9.2/crtbegin.o] ==> ignore
    arg [-L/direct/r01/RHICf/linux5/local/gcc-4.9.2/bin/../lib/gcc/x86_64-unknown-linux-gnu/4.9.2] ==> dir [/direct/r01/RHICf/linux5/local/gcc-4.9.2/bin/../lib/gcc/x86_64-unknown-linux-gnu/4.9.2]
    arg [-L/direct/r01/RHICf/linux5/local/gcc-4.9.2/bin/../lib/gcc] ==> dir [/direct/r01/RHICf/linux5/local/gcc-4.9.2/bin/../lib/gcc]
    arg [-L/direct/r01/RHICf/linux5/local/gcc-4.9.2/bin/../lib/gcc/x86_64-unknown-linux-gnu/4.9.2/../../../../lib64] ==> dir [/direct/r01/RHICf/linux5/local/gcc-4.9.2/bin/../lib/gcc/x86_64-unknown-linux-gnu/4.9.2/../../../../lib64]
    arg [-L/lib/../lib64] ==> dir [/lib/../lib64]
    arg [-L/usr/lib/../lib64] ==> dir [/usr/lib/../lib64]
    arg [-L/direct/r01/RHICf/linux5/local/gcc-4.9.2/bin/../lib/gcc/x86_64-unknown-linux-gnu/4.9.2/../../..] ==> dir [/direct/r01/RHICf/linux5/local/gcc-4.9.2/bin/../lib/gcc/x86_64-unknown-linux-gnu/4.9.2/../../..]
    arg [CMakeFiles/cmTC_a7ced.dir/CMakeCXXCompilerABI.cpp.o] ==> ignore
    arg [-lstdc++] ==> lib [stdc++]
    arg [-lm] ==> lib [m]
    arg [-lgcc_s] ==> lib [gcc_s]
    arg [-lgcc] ==> lib [gcc]
    arg [-lc] ==> lib [c]
    arg [-lgcc_s] ==> lib [gcc_s]
    arg [-lgcc] ==> lib [gcc]
    arg [/direct/r01/RHICf/linux5/local/gcc-4.9.2/bin/../lib/gcc/x86_64-unknown-linux-gnu/4.9.2/crtend.o] ==> ignore
    arg [/usr/lib/../lib64/crtn.o] ==> ignore
  remove lib [gcc_s]
  remove lib [gcc]
  remove lib [gcc_s]
  remove lib [gcc]
  collapse library dir [/direct/r01/RHICf/linux5/local/gcc-4.9.2/bin/../lib/gcc/x86_64-unknown-linux-gnu/4.9.2] ==> [/direct/r01/RHICf/linux5/local/gcc-4.9.2/lib/gcc/x86_64-unknown-linux-gnu/4.9.2]
  collapse library dir [/direct/r01/RHICf/linux5/local/gcc-4.9.2/bin/../lib/gcc] ==> [/direct/r01/RHICf/linux5/local/gcc-4.9.2/lib/gcc]
  collapse library dir [/direct/r01/RHICf/linux5/local/gcc-4.9.2/bin/../lib/gcc/x86_64-unknown-linux-gnu/4.9.2/../../../../lib64] ==> [/direct/r01/RHICf/linux5/local/gcc-4.9.2/lib64]
  collapse library dir [/lib/../lib64] ==> [/lib64]
  collapse library dir [/usr/lib/../lib64] ==> [/usr/lib64]
  collapse library dir [/direct/r01/RHICf/linux5/local/gcc-4.9.2/bin/../lib/gcc/x86_64-unknown-linux-gnu/4.9.2/../../..] ==> [/direct/r01/RHICf/linux5/local/gcc-4.9.2/lib]
  implicit libs: [stdc++;m;c]
  implicit dirs: [/direct/r01/RHICf/linux5/local/gcc-4.9.2/lib/gcc/x86_64-unknown-linux-gnu/4.9.2;/direct/r01/RHICf/linux5/local/gcc-4.9.2/lib/gcc;/direct/r01/RHICf/linux5/local/gcc-4.9.2/lib64;/lib64;/usr/lib64;/direct/r01/RHICf/linux5/local/gcc-4.9.2/lib]
  implicit fwks: []




Detecting CXX [-std=c++14] compiler features compiled with the following output:
Change Dir: /ccj/u/satoken/RHICf/convertor/build/CMakeFiles/CMakeTmp

Run Build Command:"/usr/bin/gmake" "cmTC_10bb0/fast"
/usr/bin/gmake -f CMakeFiles/cmTC_10bb0.dir/build.make CMakeFiles/cmTC_10bb0.dir/build
gmake[1]: Entering directory `/ccj/u/satoken/RHICf/convertor/build/CMakeFiles/CMakeTmp'
Building CXX object CMakeFiles/cmTC_10bb0.dir/feature_tests.cxx.o
/ccj/w/r01/RHICf/linux5/local/gcc-4.9.2/bin/c++-4.9.2     -std=c++14 -o CMakeFiles/cmTC_10bb0.dir/feature_tests.cxx.o -c /ccj/u/satoken/RHICf/convertor/build/CMakeFiles/feature_tests.cxx
Linking CXX executable cmTC_10bb0
/direct/r01/RHICf/linux5/local/cmake-3.7.0-rc2/bin/cmake -E cmake_link_script CMakeFiles/cmTC_10bb0.dir/link.txt --verbose=1
/ccj/w/r01/RHICf/linux5/local/gcc-4.9.2/bin/c++-4.9.2        CMakeFiles/cmTC_10bb0.dir/feature_tests.cxx.o  -o cmTC_10bb0 -rdynamic 
gmake[1]: Leaving directory `/ccj/u/satoken/RHICf/convertor/build/CMakeFiles/CMakeTmp'


    Feature record: CXX_FEATURE:0cxx_aggregate_default_initializers
    Feature record: CXX_FEATURE:1cxx_alias_templates
    Feature record: CXX_FEATURE:1cxx_alignas
    Feature record: CXX_FEATURE:1cxx_alignof
    Feature record: CXX_FEATURE:1cxx_attributes
    Feature record: CXX_FEATURE:1cxx_attribute_deprecated
    Feature record: CXX_FEATURE:1cxx_auto_type
    Feature record: CXX_FEATURE:1cxx_binary_literals
    Feature record: CXX_FEATURE:1cxx_constexpr
    Feature record: CXX_FEATURE:1cxx_contextual_conversions
    Feature record: CXX_FEATURE:1cxx_decltype
    Feature record: CXX_FEATURE:1cxx_decltype_auto
    Feature record: CXX_FEATURE:1cxx_decltype_incomplete_return_types
    Feature record: CXX_FEATURE:1cxx_default_function_template_args
    Feature record: CXX_FEATURE:1cxx_defaulted_functions
    Feature record: CXX_FEATURE:1cxx_defaulted_move_initializers
    Feature record: CXX_FEATURE:1cxx_delegating_constructors
    Feature record: CXX_FEATURE:1cxx_deleted_functions
    Feature record: CXX_FEATURE:1cxx_digit_separators
    Feature record: CXX_FEATURE:1cxx_enum_forward_declarations
    Feature record: CXX_FEATURE:1cxx_explicit_conversions
    Feature record: CXX_FEATURE:1cxx_extended_friend_declarations
    Feature record: CXX_FEATURE:1cxx_extern_templates
    Feature record: CXX_FEATURE:1cxx_final
    Feature record: CXX_FEATURE:1cxx_func_identifier
    Feature record: CXX_FEATURE:1cxx_generalized_initializers
    Feature record: CXX_FEATURE:1cxx_generic_lambdas
    Feature record: CXX_FEATURE:1cxx_inheriting_constructors
    Feature record: CXX_FEATURE:1cxx_inline_namespaces
    Feature record: CXX_FEATURE:1cxx_lambdas
    Feature record: CXX_FEATURE:1cxx_lambda_init_captures
    Feature record: CXX_FEATURE:1cxx_local_type_template_args
    Feature record: CXX_FEATURE:1cxx_long_long_type
    Feature record: CXX_FEATURE:1cxx_noexcept
    Feature record: CXX_FEATURE:1cxx_nonstatic_member_init
    Feature record: CXX_FEATURE:1cxx_nullptr
    Feature record: CXX_FEATURE:1cxx_override
    Feature record: CXX_FEATURE:1cxx_range_for
    Feature record: CXX_FEATURE:1cxx_raw_string_literals
    Feature record: CXX_FEATURE:1cxx_reference_qualified_functions
    Feature record: CXX_FEATURE:0cxx_relaxed_constexpr
    Feature record: CXX_FEATURE:1cxx_return_type_deduction
    Feature record: CXX_FEATURE:1cxx_right_angle_brackets
    Feature record: CXX_FEATURE:1cxx_rvalue_references
    Feature record: CXX_FEATURE:1cxx_sizeof_member
    Feature record: CXX_FEATURE:1cxx_static_assert
    Feature record: CXX_FEATURE:1cxx_strong_enums
    Feature record: CXX_FEATURE:1cxx_template_template_parameters
    Feature record: CXX_FEATURE:1cxx_thread_local
    Feature record: CXX_FEATURE:1cxx_trailing_return_types
    Feature record: CXX_FEATURE:1cxx_unicode_literals
    Feature record: CXX_FEATURE:1cxx_uniform_initialization
    Feature record: CXX_FEATURE:1cxx_unrestricted_unions
    Feature record: CXX_FEATURE:1cxx_user_literals
    Feature record: CXX_FEATURE:0cxx_variable_templates
    Feature record: CXX_FEATURE:1cxx_variadic_macros
    Feature record: CXX_FEATURE:1cxx_variadic_templates


Detecting CXX [-std=c++11] compiler features compiled with the following output:
Change Dir: /ccj/u/satoken/RHICf/convertor/build/CMakeFiles/CMakeTmp

Run Build Command:"/usr/bin/gmake" "cmTC_de74f/fast"
/usr/bin/gmake -f CMakeFiles/cmTC_de74f.dir/build.make CMakeFiles/cmTC_de74f.dir/build
gmake[1]: Entering directory `/ccj/u/satoken/RHICf/convertor/build/CMakeFiles/CMakeTmp'
Building CXX object CMakeFiles/cmTC_de74f.dir/feature_tests.cxx.o
/ccj/w/r01/RHICf/linux5/local/gcc-4.9.2/bin/c++-4.9.2     -std=c++11 -o CMakeFiles/cmTC_de74f.dir/feature_tests.cxx.o -c /ccj/u/satoken/RHICf/convertor/build/CMakeFiles/feature_tests.cxx
Linking CXX executable cmTC_de74f
/direct/r01/RHICf/linux5/local/cmake-3.7.0-rc2/bin/cmake -E cmake_link_script CMakeFiles/cmTC_de74f.dir/link.txt --verbose=1
/ccj/w/r01/RHICf/linux5/local/gcc-4.9.2/bin/c++-4.9.2        CMakeFiles/cmTC_de74f.dir/feature_tests.cxx.o  -o cmTC_de74f -rdynamic 
gmake[1]: Leaving directory `/ccj/u/satoken/RHICf/convertor/build/CMakeFiles/CMakeTmp'


    Feature record: CXX_FEATURE:0cxx_aggregate_default_initializers
    Feature record: CXX_FEATURE:1cxx_alias_templates
    Feature record: CXX_FEATURE:1cxx_alignas
    Feature record: CXX_FEATURE:1cxx_alignof
    Feature record: CXX_FEATURE:1cxx_attributes
    Feature record: CXX_FEATURE:0cxx_attribute_deprecated
    Feature record: CXX_FEATURE:1cxx_auto_type
    Feature record: CXX_FEATURE:0cxx_binary_literals
    Feature record: CXX_FEATURE:1cxx_constexpr
    Feature record: CXX_FEATURE:0cxx_contextual_conversions
    Feature record: CXX_FEATURE:1cxx_decltype
    Feature record: CXX_FEATURE:0cxx_decltype_auto
    Feature record: CXX_FEATURE:1cxx_decltype_incomplete_return_types
    Feature record: CXX_FEATURE:1cxx_default_function_template_args
    Feature record: CXX_FEATURE:1cxx_defaulted_functions
    Feature record: CXX_FEATURE:1cxx_defaulted_move_initializers
    Feature record: CXX_FEATURE:1cxx_delegating_constructors
    Feature record: CXX_FEATURE:1cxx_deleted_functions
    Feature record: CXX_FEATURE:0cxx_digit_separators
    Feature record: CXX_FEATURE:1cxx_enum_forward_declarations
    Feature record: CXX_FEATURE:1cxx_explicit_conversions
    Feature record: CXX_FEATURE:1cxx_extended_friend_declarations
    Feature record: CXX_FEATURE:1cxx_extern_templates
    Feature record: CXX_FEATURE:1cxx_final
    Feature record: CXX_FEATURE:1cxx_func_identifier
    Feature record: CXX_FEATURE:1cxx_generalized_initializers
    Feature record: CXX_FEATURE:0cxx_generic_lambdas
    Feature record: CXX_FEATURE:1cxx_inheriting_constructors
    Feature record: CXX_FEATURE:1cxx_inline_namespaces
    Feature record: CXX_FEATURE:1cxx_lambdas
    Feature record: CXX_FEATURE:0cxx_lambda_init_captures
    Feature record: CXX_FEATURE:1cxx_local_type_template_args
    Feature record: CXX_FEATURE:1cxx_long_long_type
    Feature record: CXX_FEATURE:1cxx_noexcept
    Feature record: CXX_FEATURE:1cxx_nonstatic_member_init
    Feature record: CXX_FEATURE:1cxx_nullptr
    Feature record: CXX_FEATURE:1cxx_override
    Feature record: CXX_FEATURE:1cxx_range_for
    Feature record: CXX_FEATURE:1cxx_raw_string_literals
    Feature record: CXX_FEATURE:1cxx_reference_qualified_functions
    Feature record: CXX_FEATURE:0cxx_relaxed_constexpr
    Feature record: CXX_FEATURE:0cxx_return_type_deduction
    Feature record: CXX_FEATURE:1cxx_right_angle_brackets
    Feature record: CXX_FEATURE:1cxx_rvalue_references
    Feature record: CXX_FEATURE:1cxx_sizeof_member
    Feature record: CXX_FEATURE:1cxx_static_assert
    Feature record: CXX_FEATURE:1cxx_strong_enums
    Feature record: CXX_FEATURE:1cxx_template_template_parameters
    Feature record: CXX_FEATURE:1cxx_thread_local
    Feature record: CXX_FEATURE:1cxx_trailing_return_types
    Feature record: CXX_FEATURE:1cxx_unicode_literals
    Feature record: CXX_FEATURE:1cxx_uniform_initialization
    Feature record: CXX_FEATURE:1cxx_unrestricted_unions
    Feature record: CXX_FEATURE:1cxx_user_literals
    Feature record: CXX_FEATURE:0cxx_variable_templates
    Feature record: CXX_FEATURE:1cxx_variadic_macros
    Feature record: CXX_FEATURE:1cxx_variadic_templates


Detecting CXX [-std=c++98] compiler features compiled with the following output:
Change Dir: /ccj/u/satoken/RHICf/convertor/build/CMakeFiles/CMakeTmp

Run Build Command:"/usr/bin/gmake" "cmTC_14d56/fast"
/usr/bin/gmake -f CMakeFiles/cmTC_14d56.dir/build.make CMakeFiles/cmTC_14d56.dir/build
gmake[1]: Entering directory `/ccj/u/satoken/RHICf/convertor/build/CMakeFiles/CMakeTmp'
Building CXX object CMakeFiles/cmTC_14d56.dir/feature_tests.cxx.o
/ccj/w/r01/RHICf/linux5/local/gcc-4.9.2/bin/c++-4.9.2     -std=c++98 -o CMakeFiles/cmTC_14d56.dir/feature_tests.cxx.o -c /ccj/u/satoken/RHICf/convertor/build/CMakeFiles/feature_tests.cxx
Linking CXX executable cmTC_14d56
/direct/r01/RHICf/linux5/local/cmake-3.7.0-rc2/bin/cmake -E cmake_link_script CMakeFiles/cmTC_14d56.dir/link.txt --verbose=1
/ccj/w/r01/RHICf/linux5/local/gcc-4.9.2/bin/c++-4.9.2        CMakeFiles/cmTC_14d56.dir/feature_tests.cxx.o  -o cmTC_14d56 -rdynamic 
gmake[1]: Leaving directory `/ccj/u/satoken/RHICf/convertor/build/CMakeFiles/CMakeTmp'


    Feature record: CXX_FEATURE:0cxx_aggregate_default_initializers
    Feature record: CXX_FEATURE:0cxx_alias_templates
    Feature record: CXX_FEATURE:0cxx_alignas
    Feature record: CXX_FEATURE:0cxx_alignof
    Feature record: CXX_FEATURE:0cxx_attributes
    Feature record: CXX_FEATURE:0cxx_attribute_deprecated
    Feature record: CXX_FEATURE:0cxx_auto_type
    Feature record: CXX_FEATURE:0cxx_binary_literals
    Feature record: CXX_FEATURE:0cxx_constexpr
    Feature record: CXX_FEATURE:0cxx_contextual_conversions
    Feature record: CXX_FEATURE:0cxx_decltype
    Feature record: CXX_FEATURE:0cxx_decltype_auto
    Feature record: CXX_FEATURE:0cxx_decltype_incomplete_return_types
    Feature record: CXX_FEATURE:0cxx_default_function_template_args
    Feature record: CXX_FEATURE:0cxx_defaulted_functions
    Feature record: CXX_FEATURE:0cxx_defaulted_move_initializers
    Feature record: CXX_FEATURE:0cxx_delegating_constructors
    Feature record: CXX_FEATURE:0cxx_deleted_functions
    Feature record: CXX_FEATURE:0cxx_digit_separators
    Feature record: CXX_FEATURE:0cxx_enum_forward_declarations
    Feature record: CXX_FEATURE:0cxx_explicit_conversions
    Feature record: CXX_FEATURE:0cxx_extended_friend_declarations
    Feature record: CXX_FEATURE:0cxx_extern_templates
    Feature record: CXX_FEATURE:0cxx_final
    Feature record: CXX_FEATURE:0cxx_func_identifier
    Feature record: CXX_FEATURE:0cxx_generalized_initializers
    Feature record: CXX_FEATURE:0cxx_generic_lambdas
    Feature record: CXX_FEATURE:0cxx_inheriting_constructors
    Feature record: CXX_FEATURE:0cxx_inline_namespaces
    Feature record: CXX_FEATURE:0cxx_lambdas
    Feature record: CXX_FEATURE:0cxx_lambda_init_captures
    Feature record: CXX_FEATURE:0cxx_local_type_template_args
    Feature record: CXX_FEATURE:0cxx_long_long_type
    Feature record: CXX_FEATURE:0cxx_noexcept
    Feature record: CXX_FEATURE:0cxx_nonstatic_member_init
    Feature record: CXX_FEATURE:0cxx_nullptr
    Feature record: CXX_FEATURE:0cxx_override
    Feature record: CXX_FEATURE:0cxx_range_for
    Feature record: CXX_FEATURE:0cxx_raw_string_literals
    Feature record: CXX_FEATURE:0cxx_reference_qualified_functions
    Feature record: CXX_FEATURE:0cxx_relaxed_constexpr
    Feature record: CXX_FEATURE:0cxx_return_type_deduction
    Feature record: CXX_FEATURE:0cxx_right_angle_brackets
    Feature record: CXX_FEATURE:0cxx_rvalue_references
    Feature record: CXX_FEATURE:0cxx_sizeof_member
    Feature record: CXX_FEATURE:0cxx_static_assert
    Feature record: CXX_FEATURE:0cxx_strong_enums
    Feature record: CXX_FEATURE:1cxx_template_template_parameters
    Feature record: CXX_FEATURE:0cxx_thread_local
    Feature record: CXX_FEATURE:0cxx_trailing_return_types
    Feature record: CXX_FEATURE:0cxx_unicode_literals
    Feature record: CXX_FEATURE:0cxx_uniform_initialization
    Feature record: CXX_FEATURE:0cxx_unrestricted_unions
    Feature record: CXX_FEATURE:0cxx_user_literals
    Feature record: CXX_FEATURE:0cxx_variable_templates
    Feature record: CXX_FEATURE:0cxx_variadic_macros
    Feature record: CXX_FEATURE:0cxx_variadic_templates
