AQ5570
ND_CONV00-05  0.2  1.20858
ND_CONV05-15  0.038  1.83617
Initial_value_saturation_point  1000
PARAM  linear_slope  comb_satu_point  comb_slope  comb_2nd_coef
HV  375
FIT_PARAM 0.0659173  0.00143955  0.0652344  1.18557e-06
PARAM_ERR 0.000161779  191.358  0.000527264  3.7416e-07
HV  400
FIT_PARAM 0.0436012  478.621  0.0434241  9.77208e-07
PARAM_ERR 0.000110062  259.728  0.000136423  3.95005e-07
HV  425
FIT_PARAM 0.0295664  3.10882e-05  0.0292322  5.02447e-07
PARAM_ERR 7.81132e-05  105.967  0.000151591  7.41876e-08
HV  450
FIT_PARAM 0.0207123  -0.00114065  0.0204647  2.85921e-07
PARAM_ERR 5.5373e-05  202.707  0.000137219  3.56788e-08
HV  475
FIT_PARAM 0.0149907  854.167  0.0149735  1.8328e-07
PARAM_ERR 2.70113e-05  473.616  3.56478e-05  4.23572e-08
HV  500
FIT_PARAM 0.0109839  1329.17  0.0109812  1.43031e-07
PARAM_ERR 2.12448e-05  664.148  2.72874e-05  3.38635e-08
HV  550
FIT_PARAM 0.00623499  0.000347262  0.00620422  4.06094e-08
PARAM_ERR 1.64516e-05  237.215  2.94406e-05  1.28743e-08
HV  600
FIT_PARAM 0.00375805  1321.64  0.0037582  2.91458e-08
PARAM_ERR 7.92837e-06  788.139  7.99023e-06  1.2848e-08
HV  800
FIT_PARAM 0.000745783  1000  0.000745783  0.5
PARAM_ERR 3.15778e-06  10.6163  3.15778e-06  0.212132
HV  1000
FIT_PARAM 0.000230382  1178.56  0.000230771  -5.93441e-09
PARAM_ERR 1.08408e-06  1253.44  1.37699e-06  1.62228e-08
HV  1100
FIT_PARAM 0.000143719  3461.49  0.00014394  0.269534
PARAM_ERR 8.93661e-07  200.965  6.23486e-07  268.888
