AQ4941
ND_CONV00-05  0.2  0.984714
ND_CONV05-15  0.038  1.18013
Initial_value_saturation_point  800
PARAM  linear_slope  comb_satu_point  comb_slope  comb_2nd_coef
HV  375
FIT_PARAM 0.0297735  390.449  0.0295762  6.9757e-07
PARAM_ERR 9.94398e-05  255.914  0.000167531  1.39246e-07
HV  400
FIT_PARAM 0.0193909  438.037  0.0192669  3.99314e-07
PARAM_ERR 6.14647e-05  366.587  0.000134575  6.34809e-08
HV  425
FIT_PARAM 0.0131212  453.986  0.0130155  2.27444e-07
PARAM_ERR 4.70203e-05  309.797  8.43701e-05  2.21656e-08
HV  450
FIT_PARAM 0.0090639  924.209  0.00906387  1.45949e-07
PARAM_ERR 3.89103e-05  375.143  4.81652e-05  1.36364e-08
HV  475
FIT_PARAM 0.00646357  1213.28  0.00645926  9.24726e-08
PARAM_ERR 1.77672e-05  374.677  2.26509e-05  7.23619e-09
HV  500
FIT_PARAM 0.00470221  1703.74  0.00470384  6.29614e-08
PARAM_ERR 1.30529e-05  312.042  1.27329e-05  3.55895e-09
HV  550
FIT_PARAM 0.0026066  33.8857  0.00258908  1.76423e-08
PARAM_ERR 9.86348e-06  720.422  2.66542e-05  3.11605e-09
HV  600
FIT_PARAM 0.00155722  2504.22  0.00155437  1.04412e-08
PARAM_ERR 5.35668e-06  959.569  4.38807e-06  2.75668e-09
HV  800
FIT_PARAM 0.00028918  538.371  0.000287816  3.40002e-08
PARAM_ERR 1.65432e-06  374.592  2.36524e-06  7.92986e-08
HV  1000
FIT_PARAM 8.304e-05  3154.69  8.28397e-05  0.0515672
PARAM_ERR 5.11088e-07  62.0005  3.98006e-07  26.1224
HV  1100
FIT_PARAM 5.01674e-05  5211.92  5.04074e-05  -0.05583
PARAM_ERR 4.76799e-07  1.41417  2.25152e-07  1.41421
