AQ5459
ND_CONV00-05  0.2  1.16537
ND_CONV05-15  0.038  0.687721
Initial_value_saturation_point  1000
PARAM  linear_slope  comb_satu_point  comb_slope  comb_2nd_coef
HV  375
FIT_PARAM 0.0383906  409.724  0.0381685  1.06659e-06
PARAM_ERR 9.62952e-05  248.92  0.000144581  3.03942e-07
HV  400
FIT_PARAM 0.0251674  252.325  0.0249609  5.07313e-07
PARAM_ERR 6.58122e-05  478.376  0.000219561  1.20771e-07
HV  425
FIT_PARAM 0.0170544  368.562  0.0169355  3.05848e-07
PARAM_ERR 4.69229e-05  277.129  8.60418e-05  3.79643e-08
HV  450
FIT_PARAM 0.0118909  626.06  0.0118408  1.85415e-07
PARAM_ERR 3.66792e-05  396.284  5.94285e-05  2.35168e-08
HV  475
FIT_PARAM 0.00843125  563.757  0.00840648  1.19747e-07
PARAM_ERR 1.75483e-05  206.722  2.27873e-05  7.91237e-09
HV  500
FIT_PARAM 0.00614079  699.467  0.00612619  8.05523e-08
PARAM_ERR 1.32704e-05  233.061  1.71424e-05  4.43139e-09
HV  550
FIT_PARAM 0.00344521  227.431  0.00343102  2.0777e-08
PARAM_ERR 9.27122e-06  790.192  2.13165e-05  5.25598e-09
HV  600
FIT_PARAM 0.00205701  927.264  0.00205695  1.16778e-08
PARAM_ERR 5.36536e-06  719.058  5.73406e-06  2.42855e-09
HV  800
FIT_PARAM 0.000398818  1000  0.000398818  0.5
PARAM_ERR 1.74384e-06  13.1073  1.74384e-06  0.212132
HV  1000
FIT_PARAM 0.000121533  297.42  0.000120578  2.24577e-09
PARAM_ERR 5.27662e-07  471.345  9.96549e-07  2.20683e-09
HV  1100
FIT_PARAM 7.52697e-05  2385.14  7.5405e-05  0.162471
PARAM_ERR 3.71099e-07  1  1.69488  32.794
