AQ5734
ND_CONV00-05  0.2  1.09416
ND_CONV05-15  0.038  1.05075
Initial_value_saturation_point  1000
PARAM  linear_slope  comb_satu_point  comb_slope  comb_2nd_coef
HV  375
FIT_PARAM 0.0383729  7.76049e-05  0.0379361  6.45631e-07
PARAM_ERR 9.68041e-05  123.714  0.000214377  1.23515e-07
HV  400
FIT_PARAM 0.0252006  136.999  0.0250011  3.72354e-07
PARAM_ERR 6.61445e-05  517.637  0.000243616  7.99285e-08
HV  425
FIT_PARAM 0.0170447  836.348  0.0170174  2.83067e-07
PARAM_ERR 4.67594e-05  397.292  6.28047e-05  5.92326e-08
HV  450
FIT_PARAM 0.0118475  0.000613646  0.0117203  1.25363e-07
PARAM_ERR 3.71562e-05  331.738  9.25869e-05  1.20087e-08
HV  475
FIT_PARAM 0.00838096  351.687  0.0083481  9.17099e-08
PARAM_ERR 1.75317e-05  257.413  2.68981e-05  6.79867e-09
HV  500
FIT_PARAM 0.0060863  639.999  0.00607235  5.97276e-08
PARAM_ERR 1.3215e-05  291.098  1.68815e-05  3.97698e-09
HV  550
FIT_PARAM 0.003366  -212  0.003338  1.86975e-08
PARAM_ERR 9.21338e-06  298.835  2.27837e-05  4.44135e-09
HV  600
FIT_PARAM 0.00199096  1853.05  0.00199097  1.01471e-08
PARAM_ERR 5.18622e-06  1933.36  5.83941e-06  5.47479e-09
HV  800
FIT_PARAM 0.000368483  1000  0.000368483  0.5
PARAM_ERR 1.45857e-06  8.44166  1.45857e-06  0.212132
HV  1000
FIT_PARAM 0.000106805  2450.42  0.00010667  1.88898
PARAM_ERR 4.82302e-07  68.6199  3.44278e-07  135.893
HV  1100
FIT_PARAM 6.44416e-05  3990.95  6.45823e-05  0.0545454
PARAM_ERR 3.69542e-07  1.46845  2.35243e-07  5.4684
