AQ6793
ND_CONV00-05  0.2  1.04876
ND_CONV05-15  0.038  1.05544
Initial_value_saturation_point  1000
PARAM  linear_slope  comb_satu_point  comb_slope  comb_2nd_coef
HV  375
FIT_PARAM 0.0372543  403.799  0.0370684  8.51661e-07
PARAM_ERR 9.22552e-05  259.289  0.000135414  2.49105e-07
HV  400
FIT_PARAM 0.0241185  520.073  0.0240177  4.62056e-07
PARAM_ERR 6.13032e-05  274.458  8.74172e-05  9.33447e-08
HV  425
FIT_PARAM 0.0160962  512.198  0.0160183  2.45506e-07
PARAM_ERR 4.29907e-05  399.787  7.79459e-05  4.1072e-08
HV  450
FIT_PARAM 0.0110223  727.43  0.01099  1.52044e-07
PARAM_ERR 3.31915e-05  378.339  4.67282e-05  1.8197e-08
HV  475
FIT_PARAM 0.00778052  1317.9  0.00777671  9.91038e-08
PARAM_ERR 1.58769e-05  383.458  1.77729e-05  1.05035e-08
HV  500
FIT_PARAM 0.00558985  1564.87  0.0055913  6.22683e-08
PARAM_ERR 1.19043e-05  391.263  1.26162e-05  5.04958e-09
HV  550
FIT_PARAM 0.00303985  1016.77  0.00303915  2.08611e-08
PARAM_ERR 8.79157e-06  826.212  1.02283e-05  7.68589e-09
HV  600
FIT_PARAM 0.00176236  1692.51  0.00176225  9.43396e-09
PARAM_ERR 4.18602e-06  992.859  4.08665e-06  2.65448e-09
HV  800
FIT_PARAM 0.000303107  1000  0.000303107  0.5
PARAM_ERR 1.24634e-06  8.43379  1.24634e-06  1.41421
HV  1000
FIT_PARAM 8.35362e-05  2980.56  8.33319e-05  0.129596
PARAM_ERR 4.24871e-07  132.051  3.36029e-07  80.4284
HV  1100
FIT_PARAM 4.93482e-05  5087.93  4.93425e-05  0.121327
PARAM_ERR 3.90352e-07  162.467  2.04317e-07  98.8578
