AQ6532
ND_CONV00-05  0.2  1.10424
ND_CONV05-15  0.038  0.977835
Initial_value_saturation_point  1000
PARAM  linear_slope  comb_satu_point  comb_slope  comb_2nd_coef
HV  375
FIT_PARAM 0.0399706  407.476  0.0395962  1.59861e-06
PARAM_ERR 9.51472e-05  163.102  0.000140259  3.25957e-07
HV  400
FIT_PARAM 0.0256736  408.209  0.025477  7.91088e-07
PARAM_ERR 6.47747e-05  192.865  0.000106671  1.12641e-07
HV  425
FIT_PARAM 0.0170499  504.187  0.0169176  4.5826e-07
PARAM_ERR 4.54471e-05  219.765  7.81576e-05  4.84473e-08
HV  450
FIT_PARAM 0.0116146  449.114  0.0115154  2.5122e-07
PARAM_ERR 3.55349e-05  471.948  0.000106734  2.94908e-08
HV  475
FIT_PARAM 0.00816048  754.62  0.00813775  1.5426e-07
PARAM_ERR 1.69437e-05  202.365  2.16242e-05  9.49556e-09
HV  500
FIT_PARAM 0.00583077  1096.48  0.0058259  1.05996e-07
PARAM_ERR 1.29558e-05  207.199  1.44944e-05  5.27604e-09
HV  550
FIT_PARAM 0.00314708  328.19  0.00313387  2.79421e-08
PARAM_ERR 9.16566e-06  831.339  2.49261e-05  6.31807e-09
HV  600
FIT_PARAM 0.00180057  826.579  0.00179939  1.49443e-08
PARAM_ERR 4.24185e-06  505.287  4.78986e-06  2.05627e-09
HV  800
FIT_PARAM 0.000297311  1000  0.000297311  0.5
PARAM_ERR 1.18842e-06  8.90501  1.18842e-06  0.212132
HV  1000
FIT_PARAM 7.77838e-05  3096.84  7.76376e-05  -0.418752
PARAM_ERR 3.89925e-07  44.1532  4.45273e-08  3.83251
HV  1100
FIT_PARAM 4.48959e-05  5393.15  4.49298e-05  2.50173
PARAM_ERR 3.41904e-07  1.41419  1.846e-07  1.41421
