AQ6705
ND_CONV00-05  0.2  0.929012
ND_CONV05-15  0.038  1.25828
Initial_value_saturation_point  1000
PARAM  linear_slope  comb_satu_point  comb_slope  comb_2nd_coef
HV  375
FIT_PARAM 0.0375837  102.32  0.0369028  1.1872e-06
PARAM_ERR 9.53103e-05  164.519  0.000278386  1.44568e-07
HV  400
FIT_PARAM 0.0245097  61.7662  0.0240185  6.66912e-07
PARAM_ERR 6.24562e-05  127.307  0.000155407  5.22277e-08
HV  425
FIT_PARAM 0.0165256  368.38  0.0163436  4.07483e-07
PARAM_ERR 4.50096e-05  217.895  9.02892e-05  3.69998e-08
HV  450
FIT_PARAM 0.0114122  124.281  0.0112358  2.31936e-07
PARAM_ERR 3.69574e-05  246.32  9.24861e-05  1.34168e-08
HV  475
FIT_PARAM 0.00811774  741.894  0.00808926  1.63461e-07
PARAM_ERR 1.75148e-05  214.49  2.38276e-05  1.00875e-08
HV  500
FIT_PARAM 0.00588024  652.319  0.00585212  1.10523e-07
PARAM_ERR 1.38564e-05  243.646  2.23465e-05  5.23078e-09
HV  550
FIT_PARAM 0.00328548  115.456  0.00326523  2.9737e-08
PARAM_ERR 9.73791e-06  244.204  1.60531e-05  5.08068e-09
HV  600
FIT_PARAM 0.00191511  323.542  0.00191327  1.75133e-08
PARAM_ERR 4.90768e-06  294.275  5.84184e-06  1.92324e-09
HV  800
FIT_PARAM 0.000357441  1000  0.000357441  0.5
PARAM_ERR 1.52193e-06  12.3014  1.52193e-06  0.212132
HV  1000
FIT_PARAM 0.00010478  2609.07  0.000105386  0.047314
PARAM_ERR 5.36324e-07  27.9033  4.57501e-07  10.6069
HV  1100
FIT_PARAM 6.42733e-05  4274.15  6.4659e-05  0.0269931
PARAM_ERR 4.73706e-07  70.9329  2.82986e-07  20.5792
