AQ3071
ND_CONV00-05  0.2  1.06994
ND_CONV05-15  0.038  1.10225
Initial_value_saturation_point  1000
PARAM  linear_slope  comb_satu_point  comb_slope  comb_2nd_coef
HV  375
FIT_PARAM 0.0397714  341.476  0.0393739  1.37572e-06
PARAM_ERR 9.66038e-05  191.896  0.000164473  2.98897e-07
HV  400
FIT_PARAM 0.026207  493.39  0.0260431  8.39687e-07
PARAM_ERR 6.70218e-05  172.67  9.56401e-05  1.19062e-07
HV  425
FIT_PARAM 0.0178766  433.386  0.0177305  4.65246e-07
PARAM_ERR 4.7441e-05  239.834  8.98502e-05  5.28409e-08
HV  450
FIT_PARAM 0.0125657  857.37  0.0125208  3.21568e-07
PARAM_ERR 3.66553e-05  229.158  4.8122e-05  2.96638e-08
HV  475
FIT_PARAM 0.0090473  907.672  0.00902504  2.08862e-07
PARAM_ERR 1.78351e-05  212.869  2.32449e-05  1.47024e-08
HV  500
FIT_PARAM 0.00664951  1264.14  0.0066447  1.51102e-07
PARAM_ERR 1.37935e-05  204.688  1.57837e-05  8.21699e-09
HV  550
FIT_PARAM 0.00378589  872.755  0.00378197  4.78891e-08
PARAM_ERR 1.04834e-05  486.822  1.32047e-05  1.28197e-08
HV  600
FIT_PARAM 0.00228745  1169.49  0.00228621  2.75248e-08
PARAM_ERR 5.22318e-06  483.272  5.86529e-06  4.74166e-09
HV  800
FIT_PARAM 0.000459777  1000  0.000459777  0.5
PARAM_ERR 1.97684e-06  10.7419  1.97684e-06  0.212132
HV  1000
FIT_PARAM 0.000142548  1727.46  0.000142707  -1.08878e-07
PARAM_ERR 6.03831e-07  214.533  6.45083e-07  3.42539e-07
HV  1100
FIT_PARAM 8.91431e-05  2950.99  8.88772e-05  748076
PARAM_ERR 5.47466e-07  453.002  4.29555e-07  5892.08
