AP1153
ND_CONV00-05  0.2  1.04398
ND_CONV05-15  0.038  1.05652
Initial_value_saturation_point  800
PARAM  linear_slope  comb_satu_point  comb_slope  comb_2nd_coef
HV  375
FIT_PARAM 0.0369609  332.131  0.0365926  1.3604e-06
PARAM_ERR 9.24395e-05  157.214  0.000150864  2.30209e-07
HV  400
FIT_PARAM 0.0243587  405.922  0.0241279  8.0371e-07
PARAM_ERR 6.16826e-05  162.299  9.96868e-05  9.39277e-08
HV  425
FIT_PARAM 0.016656  307.156  0.0164414  4.31486e-07
PARAM_ERR 4.48915e-05  257.976  0.000114669  4.1404e-08
HV  450
FIT_PARAM 0.0117043  743.031  0.0116493  2.94822e-07
PARAM_ERR 3.56137e-05  237.724  5.13333e-05  2.47093e-08
HV  475
FIT_PARAM 0.00838025  481.386  0.00832746  1.82062e-07
PARAM_ERR 1.67606e-05  170.398  2.64013e-05  9.22932e-09
HV  500
FIT_PARAM 0.00617066  901.259  0.00615776  1.33366e-07
PARAM_ERR 1.30153e-05  183.919  1.6297e-05  6.08199e-09
HV  550
FIT_PARAM 0.00352483  786.862  0.00351848  4.62354e-08
PARAM_ERR 9.64544e-06  409.667  1.26584e-05  9.83907e-09
HV  600
FIT_PARAM 0.00213757  1089.32  0.00213698  2.30992e-08
PARAM_ERR 5.18413e-06  467.235  5.52157e-06  3.71107e-09
HV  800
FIT_PARAM 0.000444149  800  0.000444149  0.5
PARAM_ERR 1.90668e-06  3.01797  1.90668e-06  0.212132
HV  1000
FIT_PARAM 0.000144574  458.248  0.000144179  9.94885e-10
PARAM_ERR 5.98281e-07  730.126  9.56067e-07  2.0173e-09
HV  1100
FIT_PARAM 9.25067e-05  2670.19  9.23984e-05  0.0880937
PARAM_ERR 4.86469e-07  58.2267  4.12655e-07  50.597
