AQ7865
ND_CONV00-05  0.2  1.19299
ND_CONV05-15  0.038  1.08751
Initial_value_saturation_point  1000
PARAM  linear_slope  comb_satu_point  comb_slope  comb_2nd_coef
HV  375
FIT_PARAM 0.0378118  408.384  0.0376014  9.97614e-07
PARAM_ERR 9.60044e-05  261.985  0.000147519  2.90817e-07
HV  400
FIT_PARAM 0.0248507  496.187  0.0247268  5.59136e-07
PARAM_ERR 6.46764e-05  275.761  9.77626e-05  1.12558e-07
HV  425
FIT_PARAM 0.0168977  936.037  0.0168697  3.72428e-07
PARAM_ERR 4.66399e-05  321.672  5.99804e-05  6.47431e-08
HV  450
FIT_PARAM 0.0117813  1072.75  0.0117734  2.20127e-07
PARAM_ERR 3.71002e-05  331.328  4.35884e-05  2.73887e-08
HV  475
FIT_PARAM 0.00839832  1014.35  0.00838938  1.40961e-07
PARAM_ERR 1.74e-05  273.511  2.11211e-05  1.17733e-08
HV  500
FIT_PARAM 0.00612956  1408.83  0.00612774  1.0158e-07
PARAM_ERR 1.32683e-05  276.019  1.47596e-05  6.65673e-09
HV  550
FIT_PARAM 0.00342366  954.598  0.00342331  3.22318e-08
PARAM_ERR 1.01277e-05  681.105  1.27086e-05  9.34618e-09
HV  600
FIT_PARAM 0.00204875  1339.22  0.00204895  1.57726e-08
PARAM_ERR 5.07532e-06  628.009  5.11436e-06  2.90756e-09
HV  800
FIT_PARAM 0.000392025  1094.44  0.000392025  0.5
PARAM_ERR 1.84436e-06  17.3487  1.84436e-06  2
HV  1000
FIT_PARAM 0.000119762  2442.22  0.000119767  0.494165
PARAM_ERR 5.85684e-07  1.41421  5.51151e-07  1.41421
HV  1100
FIT_PARAM 7.46931e-05  3911.31  7.44853e-05  -0.460692
PARAM_ERR 4.75177e-07  10811.7  21685.3  33.5673
