AQ7240
ND_CONV00-05  0.2  1.29794
ND_CONV05-15  0.038  1.04034
Initial_value_saturation_point  800
PARAM  linear_slope  comb_satu_point  comb_slope  comb_2nd_coef
HV  375
FIT_PARAM 0.0361563  309.119  0.0357141  1.44504e-06
PARAM_ERR 9.28931e-05  145.943  0.000161951  2.12574e-07
HV  400
FIT_PARAM 0.0233089  265.207  0.0230431  6.75938e-07
PARAM_ERR 6.32238e-05  228.592  0.000152978  8.0484e-08
HV  425
FIT_PARAM 0.0155768  500.266  0.0153873  4.32771e-07
PARAM_ERR 4.29306e-05  207.832  7.72125e-05  3.88473e-08
HV  450
FIT_PARAM 0.0105767  789.556  0.0105363  2.70497e-07
PARAM_ERR 3.51933e-05  234.526  4.99236e-05  2.00351e-08
HV  475
FIT_PARAM 0.00749378  1243.77  0.00749388  1.73798e-07
PARAM_ERR 1.61261e-05  180.312  1.7156e-05  9.59945e-09
HV  500
FIT_PARAM 0.00536583  1570.87  0.00536935  1.17376e-07
PARAM_ERR 1.19329e-05  194.539  1.23933e-05  5.33567e-09
HV  550
FIT_PARAM 0.00291633  51.5102  0.00288538  3.42892e-08
PARAM_ERR 8.92258e-06  423.985  2.68007e-05  2.8337e-09
HV  600
FIT_PARAM 0.00168147  1259.53  0.00168047  1.92641e-08
PARAM_ERR 5.01972e-06  447.338  5.67278e-06  1.80961e-09
HV  800
FIT_PARAM 0.000283513  426.996  0.000281834  1.10581e-08
PARAM_ERR 1.18723e-06  325.652  1.78867e-06  1.27462e-08
HV  1000
FIT_PARAM 7.78217e-05  4054.32  7.78452e-05  0.32612
PARAM_ERR 4.85056e-07  46.8646  1.72998  1
HV  1100
FIT_PARAM 4.55449e-05  6793.29  4.57927e-05  -22.9857
PARAM_ERR 4.26782e-07  4381.12  1.97658e-07  1.02997e+07
