AQ7436
ND_CONV00-05  0.2  0.988161
ND_CONV05-15  0.038  0.804122
Initial_value_saturation_point  1000
PARAM  linear_slope  comb_satu_point  comb_slope  comb_2nd_coef
HV  375
FIT_PARAM 0.0383223  -0.000664969  0.0375256  1.14307e-06
PARAM_ERR 9.42077e-05  142.613  0.000354082  1.20494e-07
HV  400
FIT_PARAM 0.0254241  -124.062  0.0246321  7.21567e-07
PARAM_ERR 6.55893e-05  74.4844  0.000202481  6.0331e-08
HV  425
FIT_PARAM 0.017381  0.000494577  0.0169708  4.37842e-07
PARAM_ERR 4.86777e-05  142.957  0.000140549  2.71831e-08
HV  450
FIT_PARAM 0.0122056  439.229  0.0121202  2.90863e-07
PARAM_ERR 3.90733e-05  194.451  6.2309e-05  1.96074e-08
HV  475
FIT_PARAM 0.00877566  588.227  0.00873817  1.96299e-07
PARAM_ERR 1.86444e-05  180.86  2.57736e-05  1.13617e-08
HV  500
FIT_PARAM 0.00646485  668.821  0.00642914  1.42654e-07
PARAM_ERR 1.47295e-05  239.584  2.38007e-05  7.67089e-09
HV  550
FIT_PARAM 0.00370192  104.739  0.00368216  3.22918e-08
PARAM_ERR 1.08608e-05  271.082  1.77385e-05  6.21713e-09
HV  600
FIT_PARAM 0.00223056  448.551  0.00222739  2.12824e-08
PARAM_ERR 5.56055e-06  315.282  6.4281e-06  2.82348e-09
HV  800
FIT_PARAM 0.00045757  1000  0.00045757  0.5
PARAM_ERR 1.96247e-06  7.98969  1.96247e-06  0.212132
HV  1000
FIT_PARAM 0.000144856  1292.11  0.000144751  -1.37223
PARAM_ERR 5.75349e-07  1.41379  6.06143e-07  1.41421
HV  1100
FIT_PARAM 9.15043e-05  2069.05  9.15042e-05  0.294224
PARAM_ERR 3.99317e-07  76.904  3.99316e-07  172.455
