AP1155
ND_CONV00-05  0.2  1.09329
ND_CONV05-15  0.038  1.01043
Initial_value_saturation_point  700
PARAM  linear_slope  comb_satu_point  comb_slope  comb_2nd_coef
HV  375
FIT_PARAM 0.0328894  50.043  0.0323857  8.86293e-07
PARAM_ERR 8.22462e-05  245.463  0.000352177  1.03534e-07
HV  400
FIT_PARAM 0.0218361  403.406  0.0216864  5.17437e-07
PARAM_ERR 5.71456e-05  221.034  9.49223e-05  7.06157e-08
HV  425
FIT_PARAM 0.0149639  729.002  0.0148867  3.32103e-07
PARAM_ERR 4.00928e-05  249.088  5.7414e-05  3.84725e-08
HV  450
FIT_PARAM 0.010495  747.422  0.0104445  2.05279e-07
PARAM_ERR 3.20784e-05  327.981  5.15327e-05  1.96995e-08
HV  475
FIT_PARAM 0.00761722  1201.71  0.00761068  1.35629e-07
PARAM_ERR 1.5545e-05  255.759  1.79355e-05  9.94812e-09
HV  500
FIT_PARAM 0.00559683  1311.77  0.0055942  9.20386e-08
PARAM_ERR 1.21154e-05  250.038  1.34908e-05  5.12629e-09
HV  550
FIT_PARAM 0.00321001  874.326  0.00320655  3.48522e-08
PARAM_ERR 8.78461e-06  499.643  1.11816e-05  7.85855e-09
HV  600
FIT_PARAM 0.00195109  1408.4  0.00195085  1.69159e-08
PARAM_ERR 4.65394e-06  573.785  4.63561e-06  2.97892e-09
HV  800
FIT_PARAM 0.00039607  753.846  0.00039607  0.5
PARAM_ERR 1.66882e-06  6.21796  1.66882e-06  2
HV  1000
FIT_PARAM 0.000126979  0.00621713  0.000127545  -4.85418e-10
PARAM_ERR 5.31903e-07  487.71  1.32988e-06  9.58249e-10
HV  1100
FIT_PARAM 8.0767e-05  3134.23  8.08542e-05  0.569436
PARAM_ERR 4.57722e-07  83.3248  3.58434e-07  2.42966
