AQ7438
ND_CONV00-05  0.2  1.04804
ND_CONV05-15  0.038  0.714802
Initial_value_saturation_point  1000
PARAM  linear_slope  comb_satu_point  comb_slope  comb_2nd_coef
HV  375
FIT_PARAM 0.0341535  -0.00122734  0.0334647  9.57452e-07
PARAM_ERR 8.61788e-05  60.813  0.000171315  1.00576e-07
HV  400
FIT_PARAM 0.022327  115.695  0.022016  5.48893e-07
PARAM_ERR 5.95452e-05  237.413  0.000180965  5.54582e-08
HV  425
FIT_PARAM 0.0151429  696.981  0.0150531  3.68247e-07
PARAM_ERR 4.15099e-05  306.562  6.96122e-05  4.91194e-08
HV  450
FIT_PARAM 0.0104813  568.483  0.0104028  2.13013e-07
PARAM_ERR 3.26052e-05  422.798  7.45465e-05  2.27188e-08
HV  475
FIT_PARAM 0.00745577  807.733  0.00743396  1.4153e-07
PARAM_ERR 1.56222e-05  192.096  1.90994e-05  7.95561e-09
HV  500
FIT_PARAM 0.00543184  1395.77  0.0054311  1.04647e-07
PARAM_ERR 1.19705e-05  244.09  1.36287e-05  5.56397e-09
HV  550
FIT_PARAM 0.00304631  604.307  0.00303829  2.97451e-08
PARAM_ERR 8.87185e-06  524.192  1.29042e-05  6.32149e-09
HV  600
FIT_PARAM 0.00181217  949.367  0.00181219  1.62449e-08
PARAM_ERR 4.78577e-06  451.855  5.07698e-06  2.18852e-09
HV  800
FIT_PARAM 0.000350825  1006.35  0.000350825  0.5
PARAM_ERR 1.65086e-06  22.5845  1.65086e-06  2
HV  1000
FIT_PARAM 0.000108084  1000  0.000108084  9.24958e-08
PARAM_ERR 5.03553e-07  2.40065e-11  5.36561e-10  0.0272047
HV  1100
FIT_PARAM 6.77382e-05  2506.39  6.74433e-05  8.97601
PARAM_ERR 3.89061e-07  4819.3  3.27313e-07  73354.2
