AQ5485
ND_CONV00-05  0.2  0.951683
ND_CONV05-15  0.038  1.03596
Initial_value_saturation_point  1000
PARAM  linear_slope  comb_satu_point  comb_slope  comb_2nd_coef
HV  375
FIT_PARAM 0.0445115  368.475  0.0442332  1.23658e-06
PARAM_ERR 0.000109137  234.535  0.000163254  3.90103e-07
HV  400
FIT_PARAM 0.0292136  526.25  0.0291155  6.87767e-07
PARAM_ERR 7.63291e-05  260.28  0.000103741  1.62174e-07
HV  425
FIT_PARAM 0.0198549  875.956  0.0198387  3.89657e-07
PARAM_ERR 5.3955e-05  302.344  6.27512e-05  7.9022e-08
HV  450
FIT_PARAM 0.0137874  669.702  0.0137379  2.21146e-07
PARAM_ERR 3.90451e-05  354.609  5.82697e-05  3.07698e-08
HV  475
FIT_PARAM 0.00979701  681.377  0.00977651  1.40428e-07
PARAM_ERR 1.88847e-05  252.36  2.4166e-05  1.24304e-08
HV  500
FIT_PARAM 0.00715394  989.039  0.00714367  9.76589e-08
PARAM_ERR 1.44129e-05  284.572  1.70577e-05  7.32574e-09
HV  550
FIT_PARAM 0.00399494  937.907  0.00399388  3.06083e-08
PARAM_ERR 1.05268e-05  646.237  1.14635e-05  1.50144e-08
HV  600
FIT_PARAM 0.00238664  1743.57  0.00238621  1.67947e-08
PARAM_ERR 5.65573e-06  907.303  5.42258e-06  6.91225e-09
HV  800
FIT_PARAM 0.00044942  1142.89  0.00044942  0.5
PARAM_ERR 2.14266e-06  126.295  2.14266e-06  2
HV  1000
FIT_PARAM 0.000134642  1520.71  0.000134539  9.47291e-08
PARAM_ERR 5.97948e-07  1122.66  6.80753e-07  1.77906e-06
HV  1100
FIT_PARAM 8.26106e-05  2673.77  8.24501e-05  0.027009
PARAM_ERR 4.63048e-07  32.6451  3.91492e-07  6.29075
