AP1090
ND_CONV00-05  0.2  1.26953
ND_CONV05-15  0.038  1.18703
Initial_value_saturation_point  800
PARAM  linear_slope  comb_satu_point  comb_slope  comb_2nd_coef
HV  375
FIT_PARAM 0.0431768  212.162  0.0427053  1.26933e-06
PARAM_ERR 0.000107765  155.041  0.000192983  2.39708e-07
HV  400
FIT_PARAM 0.0282957  363.099  0.0281096  7.2999e-07
PARAM_ERR 7.45867e-05  239.262  0.000131267  1.32728e-07
HV  425
FIT_PARAM 0.0192466  517.016  0.0191495  4.19187e-07
PARAM_ERR 5.24035e-05  265.36  8.24976e-05  6.09384e-08
HV  450
FIT_PARAM 0.0134328  582.718  0.0133607  2.67625e-07
PARAM_ERR 4.06174e-05  286.458  6.38155e-05  2.84941e-08
HV  475
FIT_PARAM 0.00963396  864.112  0.00961664  1.68888e-07
PARAM_ERR 2.05597e-05  223.707  2.45698e-05  1.34296e-08
HV  500
FIT_PARAM 0.00703998  1146.64  0.00704004  1.18742e-07
PARAM_ERR 1.59274e-05  229.439  1.73618e-05  7.53673e-09
HV  550
FIT_PARAM 0.00396447  566.932  0.00395149  4.09849e-08
PARAM_ERR 1.13506e-05  469.425  1.70926e-05  8.64693e-09
HV  600
FIT_PARAM 0.00237321  1032.31  0.00237275  2.01072e-08
PARAM_ERR 6.55273e-06  584.571  7.17324e-06  3.558e-09
HV  800
FIT_PARAM 0.000464583  805.441  0.000464583  0.5
PARAM_ERR 2.56924e-06  109.743  2.56924e-06  2
HV  1000
FIT_PARAM 0.000144436  1054.61  0.000144074  3.15781e-09
PARAM_ERR 8.34556e-07  949.91  1.05431e-06  5.54201e-09
HV  1100
FIT_PARAM 9.10868e-05  3800.86  9.14129e-05  0.240549
PARAM_ERR 7.31837e-07  203.094  5.30385e-07  115.828
