AQ5670
ND_CONV00-05  0.2  1.46118
ND_CONV05-15  0.038  1.07171
Initial_value_saturation_point  1000
PARAM  linear_slope  comb_satu_point  comb_slope  comb_2nd_coef
HV  375
FIT_PARAM 0.040755  204.118  0.0400638  1.73602e-06
PARAM_ERR 0.00010066  162.576  0.000248355  2.6469e-07
HV  400
FIT_PARAM 0.0268668  226.506  0.026495  8.84255e-07
PARAM_ERR 7.12554e-05  165.529  0.000156025  9.47942e-08
HV  425
FIT_PARAM 0.0182873  423.64  0.0180692  5.42564e-07
PARAM_ERR 5.23035e-05  192.728  9.53805e-05  5.12562e-08
HV  450
FIT_PARAM 0.0127399  743.016  0.0126729  3.49187e-07
PARAM_ERR 3.89877e-05  208.007  5.43118e-05  2.88396e-08
HV  475
FIT_PARAM 0.00911869  735.296  0.00908942  2.212e-07
PARAM_ERR 3.36049e-05  241.94  4.60962e-05  1.44317e-08
HV  500
FIT_PARAM 0.00670904  982.145  0.00670177  1.50834e-07
PARAM_ERR 1.48306e-05  176.893  1.7805e-05  7.27606e-09
HV  550
FIT_PARAM 0.00379884  722.323  0.00378806  5.78536e-08
PARAM_ERR 1.18882e-05  354.054  1.61576e-05  7.81213e-09
HV  600
FIT_PARAM 0.0022812  1152.32  0.00228095  2.9502e-08
PARAM_ERR 5.22328e-06  363.825  5.57221e-06  3.03616e-09
HV  800
FIT_PARAM 0.000449593  1000  0.000449593  0.5
PARAM_ERR 1.64361e-06  6.11024  1.64361e-06  0.212132
HV  1000
FIT_PARAM 0.000138863  1157.88  0.000138569  2.22224e-09
PARAM_ERR 5.93309e-07  685.539  6.63721e-07  2.76565e-09
HV  1100
FIT_PARAM 8.61365e-05  4142.61  8.67065e-05  0.0215805
PARAM_ERR 4.92921e-07  42.9561  3.25388e-07  4.85729
