AQ6204
ND_CONV00-05  0.2  0.698492
ND_CONV05-15  0.038  1.0698
Initial_value_saturation_point  1000
PARAM  linear_slope  comb_satu_point  comb_slope  comb_2nd_coef
HV  375
FIT_PARAM 0.0334892  390.02  0.0332909  9.56052e-07
PARAM_ERR 8.57993e-05  206.592  0.00012941  1.97821e-07
HV  400
FIT_PARAM 0.0219654  388.355  0.0218148  5.07673e-07
PARAM_ERR 5.8584e-05  244.248  0.000103447  7.38631e-08
HV  425
FIT_PARAM 0.0148659  300.478  0.014698  2.92825e-07
PARAM_ERR 4.01446e-05  295.804  9.69942e-05  2.89986e-08
HV  450
FIT_PARAM 0.010349  429.643  0.0102589  1.74425e-07
PARAM_ERR 3.20945e-05  338.305  6.45449e-05  1.45754e-08
HV  475
FIT_PARAM 0.0073673  815.022  0.00734885  1.18758e-07
PARAM_ERR 1.48172e-05  240.367  1.8587e-05  7.79587e-09
HV  500
FIT_PARAM 0.00536571  994.284  0.00535791  7.96701e-08
PARAM_ERR 1.18491e-05  296.825  1.50237e-05  4.67489e-09
HV  550
FIT_PARAM 0.00300403  0.000275725  0.00298813  1.89874e-08
PARAM_ERR 8.30431e-06  446.71  2.02202e-05  5.33041e-09
HV  600
FIT_PARAM 0.00178703  914.191  0.00178677  1.23424e-08
PARAM_ERR 4.27912e-06  723.365  4.85293e-06  3.70822e-09
HV  800
FIT_PARAM 0.000344503  1000  0.000344503  0.5
PARAM_ERR 1.54247e-06  4.70467  1.54247e-06  0.212132
HV  1000
FIT_PARAM 0.000103207  1522.95  0.000103295  -1.23582e-07
PARAM_ERR 4.52353e-07  855.998  4.7606e-07  1.92323e-06
HV  1100
FIT_PARAM 6.33871e-05  2677.57  6.35499e-05  0.834442
PARAM_ERR 3.58543e-07  1.41525  3.03073e-07  1.41424
