AQ6224
ND_CONV00-05  0.2  1.02315
ND_CONV05-15  0.038  0.651353
Initial_value_saturation_point  1000
PARAM  linear_slope  comb_satu_point  comb_slope  comb_2nd_coef
HV  375
FIT_PARAM 0.0323926  107.272  0.0318039  1.05592e-06
PARAM_ERR 8.34488e-05  132.165  0.00020288  1.04553e-07
HV  400
FIT_PARAM 0.0212883  71.6118  0.0208872  5.60265e-07
PARAM_ERR 5.66585e-05  122.613  0.00012609  4.07448e-08
HV  425
FIT_PARAM 0.0144287  330.818  0.0142875  3.63615e-07
PARAM_ERR 4.25597e-05  199.812  8.053e-05  2.66796e-08
HV  450
FIT_PARAM 0.0100531  314.003  0.00995394  2.24004e-07
PARAM_ERR 3.34148e-05  242.779  6.68612e-05  1.28736e-08
HV  475
FIT_PARAM 0.00728606  777.509  0.00726637  1.46592e-07
PARAM_ERR 1.53143e-05  204.249  1.99113e-05  8.02969e-09
HV  500
FIT_PARAM 0.00532639  1239.84  0.00532121  1.0911e-07
PARAM_ERR 1.18077e-05  194.384  1.29228e-05  4.73453e-09
HV  550
FIT_PARAM 0.00302798  275.76  0.00301405  3.23634e-08
PARAM_ERR 8.99879e-06  309.063  1.40435e-05  4.48138e-09
HV  600
FIT_PARAM 0.00182659  782.45  0.00182594  1.76538e-08
PARAM_ERR 4.42569e-06  390.871  4.71562e-06  2.19396e-09
HV  800
FIT_PARAM 0.000360196  1000  0.000360196  0.5
PARAM_ERR 1.55475e-06  15.4511  1.55475e-06  0.212132
HV  1000
FIT_PARAM 0.000112424  661.854  0.000111916  3.53586e-09
PARAM_ERR 5.50694e-07  650.675  8.18448e-07  7.23184e-09
HV  1100
FIT_PARAM 7.0504e-05  2182.56  7.04588e-05  0.00198931
PARAM_ERR 4.16629e-07  98.97  3.88936e-07  0.271534
