AQ6188
ND_CONV00-05  0.2  0.981249
ND_CONV05-15  0.038  1.14633
Initial_value_saturation_point  800
PARAM  linear_slope  comb_satu_point  comb_slope  comb_2nd_coef
HV  375
FIT_PARAM 0.0351674  -0.000349562  0.0344191  1.02713e-06
PARAM_ERR 8.88221e-05  75.0333  0.00020322  1.06937e-07
HV  400
FIT_PARAM 0.0231558  281.593  0.0229361  6.04545e-07
PARAM_ERR 6.17155e-05  230.242  0.00013199  7.83464e-08
HV  425
FIT_PARAM 0.0157546  0.000269894  0.0154249  3.3588e-07
PARAM_ERR 4.24547e-05  82.7702  7.81095e-05  2.19803e-08
HV  450
FIT_PARAM 0.0110402  627.829  0.0109744  2.17893e-07
PARAM_ERR 3.36428e-05  314.318  5.64394e-05  2.05974e-08
HV  475
FIT_PARAM 0.0078662  461.384  0.00782599  1.32987e-07
PARAM_ERR 1.57486e-05  226.675  2.6164e-05  7.9017e-09
HV  500
FIT_PARAM 0.00576382  823.538  0.00575393  9.41759e-08
PARAM_ERR 1.24925e-05  220.818  1.55739e-05  4.65886e-09
HV  550
FIT_PARAM 0.00326175  2265.51  0.00326849  6.75192e-08
PARAM_ERR 8.91632e-06  1  1411.7  1411.7
HV  600
FIT_PARAM 0.0019649  1116.49  0.0019638  1.58117e-08
PARAM_ERR 4.7179e-06  732.347  5.24193e-06  3.7042e-09
HV  800
FIT_PARAM 0.000392153  800  0.000392153  0.5
PARAM_ERR 1.68166e-06  7.59213  1.68166e-06  0.212132
HV  1000
FIT_PARAM 0.000121531  -404.601  0.000126493  -2.1729e-09
PARAM_ERR 5.40935e-07  124.352  2.44498e-06  1.00097e-09
HV  1100
FIT_PARAM 7.59245e-05  3272.71  7.61266e-05  -0.727227
PARAM_ERR 4.69521e-07  14.7077  2.90364e-07  0.42242
