AQ4417
ND_CONV00-05  0.2  1.05315
ND_CONV05-15  0.038  1.00187
Initial_value_saturation_point  1000
PARAM  linear_slope  comb_satu_point  comb_slope  comb_2nd_coef
HV  375
FIT_PARAM 0.0336619  270.177  0.0333669  9.93704e-07
PARAM_ERR 8.55133e-05  179.064  0.000153694  1.62385e-07
HV  400
FIT_PARAM 0.0216129  590.098  0.0214913  5.65831e-07
PARAM_ERR 5.8591e-05  231.609  8.5751e-05  8.5851e-08
HV  425
FIT_PARAM 0.0142043  546.05  0.014119  2.92597e-07
PARAM_ERR 4.00852e-05  322.633  7.33988e-05  3.52666e-08
HV  450
FIT_PARAM 0.00958783  831.144  0.00956589  1.71794e-07
PARAM_ERR 3.23052e-05  350.46  4.61701e-05  1.62934e-08
HV  475
FIT_PARAM 0.00672234  1478.55  0.00672515  1.02366e-07
PARAM_ERR 1.40427e-05  296.838  1.48343e-05  7.78774e-09
HV  500
FIT_PARAM 0.00476192  1708.09  0.0047649  6.44944e-08
PARAM_ERR 1.0905e-05  337.792  1.15292e-05  4.02837e-09
HV  550
FIT_PARAM 0.00252752  0.00747858  0.00251154  1.44392e-08
PARAM_ERR 7.9006e-06  664.478  2.10026e-05  2.42057e-09
HV  600
FIT_PARAM 0.00141826  455.102  0.00141643  7.04943e-09
PARAM_ERR 3.77237e-06  404.121  3.91118e-06  8.29792e-10
HV  800
FIT_PARAM 0.00021627  570.678  0.000217878  -1.8458e-08
PARAM_ERR 9.77769e-07  309.934  1.44752e-06  2.25136e-08
HV  1000
FIT_PARAM 5.39016e-05  4475.75  5.38008e-05  0.121435
PARAM_ERR 4.18412e-07  90.1656  2.49402e-07  3.61875
HV  1100
FIT_PARAM 3.01393e-05  7878.01  3.02525e-05  -0.255386
PARAM_ERR 3.17599e-07  1.41421  1.4222e-07  1.41421
