AP1148
ND_CONV00-05  0.2  1.0932
ND_CONV05-15  0.038  1.0697
Initial_value_saturation_point  1000
PARAM  linear_slope  comb_satu_point  comb_slope  comb_2nd_coef
HV  375
FIT_PARAM 0.0367386  225.356  0.0362991  1.18936e-06
PARAM_ERR 9.19051e-05  179.937  0.000192115  1.96789e-07
HV  400
FIT_PARAM 0.024248  364.411  0.0240231  7.06567e-07
PARAM_ERR 6.27037e-05  200.497  0.000114003  9.34693e-08
HV  425
FIT_PARAM 0.0165916  390.523  0.0164313  4.02859e-07
PARAM_ERR 4.48804e-05  244.283  8.96831e-05  4.20279e-08
HV  450
FIT_PARAM 0.0116275  549.744  0.0115435  2.65781e-07
PARAM_ERR 3.63e-05  270.4  6.24035e-05  2.25759e-08
HV  475
FIT_PARAM 0.00830382  750.532  0.00827773  1.91397e-07
PARAM_ERR 1.69048e-05  171.16  2.12678e-05  1.05944e-08
HV  500
FIT_PARAM 0.00610757  848.909  0.00609166  1.27538e-07
PARAM_ERR 1.29863e-05  174.759  1.62249e-05  5.59049e-09
HV  550
FIT_PARAM 0.00347256  648.467  0.00346061  4.17923e-08
PARAM_ERR 9.4325e-06  523.235  1.53349e-05  9.39521e-09
HV  600
FIT_PARAM 0.00209872  1113.2  0.00209828  2.35958e-08
PARAM_ERR 5.11918e-06  456.104  5.53386e-06  3.48479e-09
HV  800
FIT_PARAM 0.000424289  1000  0.000424289  0.5
PARAM_ERR 1.84862e-06  44.2942  1.84862e-06  1.41421
HV  1000
FIT_PARAM 0.000133719  899.261  0.000133579  6.76399e-10
PARAM_ERR 5.89572e-07  1598.6  8.30843e-07  3.38209e-09
HV  1100
FIT_PARAM 8.39963e-05  3115.92  8.41726e-05  0.114566
PARAM_ERR 4.5978e-07  5.26106  303.777  280.835
