AQ5445
ND_CONV00-05  0.2  1.05643
ND_CONV05-15  0.038  1.10447
Initial_value_saturation_point  1000
PARAM  linear_slope  comb_satu_point  comb_slope  comb_2nd_coef
HV  375
FIT_PARAM 0.0414931  220.566  0.0404862  2.37724e-06
PARAM_ERR 0.000109756  108.73  0.000248114  2.56627e-07
HV  400
FIT_PARAM 0.026602  216.693  0.0260002  1.30207e-06
PARAM_ERR 7.3079e-05  246.978  0.000329321  1.51927e-07
HV  425
FIT_PARAM 0.0177605  164.783  0.0172769  6.6649e-07
PARAM_ERR 5.02419e-05  197.938  0.000184631  3.97719e-08
HV  450
FIT_PARAM 0.0120662  454.07  0.0119047  4.22443e-07
PARAM_ERR 3.93044e-05  283.706  0.000113321  3.17524e-08
HV  475
FIT_PARAM 0.00850088  735.398  0.00846831  2.57268e-07
PARAM_ERR 1.78844e-05  144.009  2.3643e-05  1.23415e-08
HV  500
FIT_PARAM 0.00608861  1048.62  0.00608211  1.70184e-07
PARAM_ERR 1.37346e-05  130.774  1.48686e-05  6.10464e-09
HV  550
FIT_PARAM 0.00332683  587.357  0.00330479  5.26449e-08
PARAM_ERR 9.5219e-06  326.392  1.4842e-05  7.5943e-09
HV  600
FIT_PARAM 0.00190099  897.502  0.00190104  2.50293e-08
PARAM_ERR 4.97304e-06  332.536  5.41765e-06  2.59769e-09
HV  800
FIT_PARAM 0.00032318  1000  0.00032318  0.5
PARAM_ERR 1.54311e-06  7.72  1.54311e-06  1.41421
HV  1000
FIT_PARAM 8.11155e-05  3158  8.32013e-05  0.0304079
PARAM_ERR 4.97864e-07  30.7248  3.85926e-07  0.177419
HV  1100
FIT_PARAM 3.68514e-05  7361.26  3.687e-05  0.0362837
PARAM_ERR 2.91628e-07  1.4139  1.39163e-07  1.41421
