AQ4426
ND_CONV00-05  0.2  1.25986
ND_CONV05-15  0.038  0.909728
Initial_value_saturation_point  1000
PARAM  linear_slope  comb_satu_point  comb_slope  comb_2nd_coef
HV  375
FIT_PARAM 0.032779  -0.000206025  0.031676  1.42334e-06
PARAM_ERR 9.25166e-05  80.6906  0.000268134  1.01847e-07
HV  400
FIT_PARAM 0.0210253  233.388  0.0206024  7.92705e-07
PARAM_ERR 5.80089e-05  196.115  0.000173402  6.65731e-08
HV  425
FIT_PARAM 0.013834  -92.1968  0.0133562  4.32988e-07
PARAM_ERR 4.10602e-05  127.265  0.000152421  1.9574e-08
HV  450
FIT_PARAM 0.00935822  632.022  0.00930509  2.74164e-07
PARAM_ERR 3.34553e-05  201.347  5.08321e-05  1.48137e-08
HV  475
FIT_PARAM 0.00661495  1009.29  0.00659656  1.6508e-07
PARAM_ERR 1.40564e-05  163.159  1.69295e-05  7.32896e-09
HV  500
FIT_PARAM 0.00469397  1670.79  0.0047019  1.17263e-07
PARAM_ERR 1.10957e-05  173.176  1.12301e-05  4.36235e-09
HV  550
FIT_PARAM 0.00251814  192.064  0.00250456  2.88085e-08
PARAM_ERR 8.61356e-06  213.095  1.16792e-05  2.25738e-09
HV  600
FIT_PARAM 0.00142301  887.942  0.00142166  1.53387e-08
PARAM_ERR 3.27486e-06  356.639  3.63755e-06  1.11998e-09
HV  800
FIT_PARAM 0.000223982  1157.96  0.000223823  8.24441e-07
PARAM_ERR 7.86422e-07  102.629  8.29515e-07  3.83693e-06
HV  1000
FIT_PARAM 5.57791e-05  4785.99  5.60993e-05  0.0193082
PARAM_ERR 3.39263e-07  48.2426  2.02245e-07  4.35571
HV  1100
FIT_PARAM 3.17262e-05  8316.17  3.19482e-05  -0.85276
PARAM_ERR 2.42109e-07  1.41421  1.18044e-07  1.41421
