AQ2421
ND_CONV00-05  0.2  1.4449
ND_CONV05-15  0.038  1.17563
Initial_value_saturation_point  700
PARAM  linear_slope  comb_satu_point  comb_slope  comb_2nd_coef
HV  375
FIT_PARAM 0.0461924  192.535  0.0451995  2.42463e-06
PARAM_ERR 0.000112006  100.715  0.000223427  3.02605e-07
HV  400
FIT_PARAM 0.0306192  304.667  0.0301637  1.37978e-06
PARAM_ERR 7.83802e-05  136.117  0.000146743  1.58169e-07
HV  425
FIT_PARAM 0.0210161  397.092  0.0207328  8.57098e-07
PARAM_ERR 5.62916e-05  136.453  9.90323e-05  7.06486e-08
HV  450
FIT_PARAM 0.014787  446.841  0.0145581  5.38117e-07
PARAM_ERR 4.07545e-05  158.084  7.33385e-05  3.62195e-08
HV  475
FIT_PARAM 0.0106355  310.314  0.0105168  3.16869e-07
PARAM_ERR 2.18275e-05  134.04  4.2473e-05  1.46175e-08
HV  500
FIT_PARAM 0.00786222  762.132  0.00783264  2.40769e-07
PARAM_ERR 1.71534e-05  154.557  2.46069e-05  1.12316e-08
HV  550
FIT_PARAM 0.00450747  43.5289  0.00441572  9.24922e-08
PARAM_ERR 1.30685e-05  175.564  3.2456e-05  6.62689e-09
HV  600
FIT_PARAM 0.00273738  1023.1  0.00273614  5.63158e-08
PARAM_ERR 8.42111e-06  284.67  9.29618e-06  5.19775e-09
HV  800
FIT_PARAM 0.000570855  700  0.000570855  0.5
PARAM_ERR 2.20322e-06  13.8695  2.20322e-06  0.212132
HV  1000
FIT_PARAM 0.000185095  1314.17  0.000184354  1.51218e-08
PARAM_ERR 7.30344e-07  326.04  8.60537e-07  1.49294e-08
HV  1100
FIT_PARAM 0.000117215  3305.5  0.000117723  0.0191992
PARAM_ERR 6.55031e-07  41.6246  4.77447e-07  3.50698
