AQ5047
ND_CONV00-05  0.2  1.59902
ND_CONV05-15  0.038  0.692928
Initial_value_saturation_point  1000
PARAM  linear_slope  comb_satu_point  comb_slope  comb_2nd_coef
HV  375
FIT_PARAM 0.038328  472.484  0.0381745  8.24525e-07
PARAM_ERR 9.78465e-05  509.827  0.000162919  4.61948e-07
HV  400
FIT_PARAM 0.0250476  513.949  0.0249579  4.51868e-07
PARAM_ERR 6.70891e-05  347.232  0.000101719  1.13112e-07
HV  425
FIT_PARAM 0.0169382  594.549  0.0168807  2.63668e-07
PARAM_ERR 4.62286e-05  416.566  7.56951e-05  5.09791e-08
HV  450
FIT_PARAM 0.0117343  169.492  0.0116204  1.52447e-07
PARAM_ERR 3.75311e-05  355.447  8.26655e-05  1.38848e-08
HV  475
FIT_PARAM 0.0083369  624.833  0.00831772  1.03706e-07
PARAM_ERR 1.77851e-05  288.809  2.55514e-05  8.58497e-09
HV  500
FIT_PARAM 0.00608094  1010.04  0.00607524  6.87525e-08
PARAM_ERR 1.36829e-05  343.994  1.72211e-05  5.22992e-09
HV  550
FIT_PARAM 0.00339551  1069.37  0.00339151  2.50049e-08
PARAM_ERR 1.04328e-05  927.911  1.40249e-05  6.8081e-09
HV  600
FIT_PARAM 0.00199948  418.05  0.00199533  1.13436e-08
PARAM_ERR 5.1556e-06  523.927  6.12948e-06  1.27613e-09
HV  800
FIT_PARAM 0.000378716  1000  0.000378716  0.5
PARAM_ERR 1.79055e-06  11.99  1.79055e-06  0.212132
HV  1000
FIT_PARAM 0.000112937  1991.3  0.000112937  -5.18758e-08
PARAM_ERR 6.22338e-07  568.92  6.16696e-07  2.62441e-07
HV  1100
FIT_PARAM 6.93939e-05  3613.42  6.94387e-05  0.416232
PARAM_ERR 4.73862e-07  496.332  2.91804e-07  219.779
