Determining if the pthread_create exist failed with the following output:
Change Dir: /crhome/sato.kenta/RHICf/Analysis/RHIC/convertor/rhicflib/CMakeFiles/CMakeTmp

Run Build Command:"/usr/bin/gmake" "cmTC_82275/fast"
/usr/bin/gmake -f CMakeFiles/cmTC_82275.dir/build.make CMakeFiles/cmTC_82275.dir/build
gmake[1]: Entering directory `/extern/crhome/sato.kenta/RHICf/Analysis/RHIC/convertor/rhicflib/CMakeFiles/CMakeTmp'
Building C object CMakeFiles/cmTC_82275.dir/CheckSymbolExists.c.o
/usr/bin/cc    -o CMakeFiles/cmTC_82275.dir/CheckSymbolExists.c.o   -c /crhome/sato.kenta/RHICf/Analysis/RHIC/convertor/rhicflib/CMakeFiles/CMakeTmp/CheckSymbolExists.c
Linking C executable cmTC_82275
/usr/local/bin/cmake -E cmake_link_script CMakeFiles/cmTC_82275.dir/link.txt --verbose=1
/usr/bin/cc      -rdynamic CMakeFiles/cmTC_82275.dir/CheckSymbolExists.c.o  -o cmTC_82275 
CMakeFiles/cmTC_82275.dir/CheckSymbolExists.c.o: In function `main':
CheckSymbolExists.c:(.text+0x16): undefined reference to `pthread_create'
collect2: error: ld returned 1 exit status
gmake[1]: *** [cmTC_82275] Error 1
gmake[1]: Leaving directory `/extern/crhome/sato.kenta/RHICf/Analysis/RHIC/convertor/rhicflib/CMakeFiles/CMakeTmp'
gmake: *** [cmTC_82275/fast] Error 2

File /crhome/sato.kenta/RHICf/Analysis/RHIC/convertor/rhicflib/CMakeFiles/CMakeTmp/CheckSymbolExists.c:
/* */
#include <pthread.h>

int main(int argc, char** argv)
{
  (void)argv;
#ifndef pthread_create
  return ((int*)(&pthread_create))[argc];
#else
  (void)argc;
  return 0;
#endif
}

Determining if the function pthread_create exists in the pthreads failed with the following output:
Change Dir: /crhome/sato.kenta/RHICf/Analysis/RHIC/convertor/rhicflib/CMakeFiles/CMakeTmp

Run Build Command:"/usr/bin/gmake" "cmTC_2d725/fast"
/usr/bin/gmake -f CMakeFiles/cmTC_2d725.dir/build.make CMakeFiles/cmTC_2d725.dir/build
gmake[1]: Entering directory `/extern/crhome/sato.kenta/RHICf/Analysis/RHIC/convertor/rhicflib/CMakeFiles/CMakeTmp'
Building C object CMakeFiles/cmTC_2d725.dir/CheckFunctionExists.c.o
/usr/bin/cc   -DCHECK_FUNCTION_EXISTS=pthread_create   -o CMakeFiles/cmTC_2d725.dir/CheckFunctionExists.c.o   -c /usr/local/share/cmake-3.11/Modules/CheckFunctionExists.c
Linking C executable cmTC_2d725
/usr/local/bin/cmake -E cmake_link_script CMakeFiles/cmTC_2d725.dir/link.txt --verbose=1
/usr/bin/cc  -DCHECK_FUNCTION_EXISTS=pthread_create    -rdynamic CMakeFiles/cmTC_2d725.dir/CheckFunctionExists.c.o  -o cmTC_2d725 -lpthreads 
/usr/bin/ld: cannot find -lpthreads
collect2: error: ld returned 1 exit status
gmake[1]: *** [cmTC_2d725] Error 1
gmake[1]: Leaving directory `/extern/crhome/sato.kenta/RHICf/Analysis/RHIC/convertor/rhicflib/CMakeFiles/CMakeTmp'
gmake: *** [cmTC_2d725/fast] Error 2


